<?xml version="1.0" encoding="utf-8"?>
<TestRun id="fd189e85-573e-4797-a60f-9947125ee5c0" name="Watchin@WATCHINSTONE 2026-07-24 23:30:13" runUser="WATCHINSTONE\Watchin" xmlns="http://microsoft.com/schemas/VisualStudio/TeamTest/2010">
  <Times creation="2026-07-24T23:30:13.3062450+08:00" queuing="2026-07-24T23:30:13.3062455+08:00" start="2026-07-24T23:30:12.6282489+08:00" finish="2026-07-24T23:30:14.4166154+08:00" />
  <TestSettings name="default" id="80611c58-1918-4b2f-9bd3-a6f50fc9d0ee">
    <Deployment runDeploymentRoot="Watchin_WATCHINSTONE_2026-07-24_23_30_13" />
  </TestSettings>
  <Results>
    <UnitTestResult executionId="7220f579-877a-4c65-ac88-a2a0cd02c941" testId="ca64ad7d-172e-3343-7dd2-386f357303a8" testName="UsageMonitor.Core.Tests.AccountEntityTests.AccountCustomization_Cards_DefaultsToEmpty" computerName="WATCHINSTONE" duration="00:00:00.0008745" startTime="2026-07-24T23:30:13.9134405+08:00" endTime="2026-07-24T23:30:13.9134407+08:00" testType="13cdc9d9-ddb5-4fa4-a97d-d965ccfc6d4b" outcome="Passed" testListId="8c84fa94-04c1-424b-9868-57a2d4851a1d" relativeResultsDirectory="7220f579-877a-4c65-ac88-a2a0cd02c941" />
    <UnitTestResult executionId="c4734748-e1cc-469c-95b0-270c039cd78b" testId="a9a8b6a4-2ae3-5324-6810-b1071a929ea3" testName="UsageMonitor.Core.Tests.DeclarativeExtractorTests.JsonPath_MultipleDirectives_AreMerged" computerName="WATCHINSTONE" duration="00:00:00.0022046" startTime="2026-07-24T23:30:13.2804954+08:00" endTime="2026-07-24T23:30:13.2804955+08:00" testType="13cdc9d9-ddb5-4fa4-a97d-d965ccfc6d4b" outcome="Passed" testListId="8c84fa94-04c1-424b-9868-57a2d4851a1d" relativeResultsDirectory="c4734748-e1cc-469c-95b0-270c039cd78b" />
    <UnitTestResult executionId="00aa0a91-a156-4cbb-a2ea-904bead23685" testId="e158b473-74af-565f-5786-0e320bf35544" testName="UsageMonitor.Core.Tests.ConfigServiceTests.IsSensitiveKey_Matches_Known_Keywords(key: &quot;SessionToken&quot;)" computerName="WATCHINSTONE" duration="00:00:00.0014069" startTime="2026-07-24T23:30:13.5001748+08:00" endTime="2026-07-24T23:30:13.5001750+08:00" testType="13cdc9d9-ddb5-4fa4-a97d-d965ccfc6d4b" outcome="Passed" testListId="8c84fa94-04c1-424b-9868-57a2d4851a1d" relativeResultsDirectory="00aa0a91-a156-4cbb-a2ea-904bead23685" />
    <UnitTestResult executionId="9b7c819e-628e-40e1-b247-e6dd3847d765" testId="860d9ab3-37d6-d143-ca71-56827e7223cd" testName="UsageMonitor.Core.Tests.ConfigServiceTests.IsSensitiveKey_Does_Not_Match_Regular_Keys(key: &quot;TopP&quot;)" computerName="WATCHINSTONE" duration="00:00:00.0021450" startTime="2026-07-24T23:30:13.5047511+08:00" endTime="2026-07-24T23:30:13.5047516+08:00" testType="13cdc9d9-ddb5-4fa4-a97d-d965ccfc6d4b" outcome="Passed" testListId="8c84fa94-04c1-424b-9868-57a2d4851a1d" relativeResultsDirectory="9b7c819e-628e-40e1-b247-e6dd3847d765" />
    <UnitTestResult executionId="0cd41ad3-4dae-4baf-9974-fbaed097c878" testId="fef07179-58df-a38c-dc5f-b7e7008ab67e" testName="UsageMonitor.Core.Tests.ChartSdkModelTests.UsageInfo_CreateError_Structured_SyncsLegacyMessage" computerName="WATCHINSTONE" duration="00:00:00.0011268" startTime="2026-07-24T23:30:13.2816049+08:00" endTime="2026-07-24T23:30:13.2816050+08:00" testType="13cdc9d9-ddb5-4fa4-a97d-d965ccfc6d4b" outcome="Passed" testListId="8c84fa94-04c1-424b-9868-57a2d4851a1d" relativeResultsDirectory="0cd41ad3-4dae-4baf-9974-fbaed097c878" />
    <UnitTestResult executionId="42edd44c-3e98-43ab-ab1e-60fc2e9fe40c" testId="90f90572-d8f0-17f4-31b4-0faa7c998ce8" testName="UsageMonitor.Core.Tests.ChartSdkModelTests.ChartData_Records_ExposeCorrectKind" computerName="WATCHINSTONE" duration="00:00:00.0030988" startTime="2026-07-24T23:30:13.2838932+08:00" endTime="2026-07-24T23:30:13.2838937+08:00" testType="13cdc9d9-ddb5-4fa4-a97d-d965ccfc6d4b" outcome="Passed" testListId="8c84fa94-04c1-424b-9868-57a2d4851a1d" relativeResultsDirectory="42edd44c-3e98-43ab-ab1e-60fc2e9fe40c" />
    <UnitTestResult executionId="e3eb7189-f041-4680-a8a5-9c23ce168df8" testId="0a3f45c5-7919-8116-6a7c-22de00af4909" testName="UsageMonitor.Core.Tests.ProviderConfigTests.Validate_Required_Field_Whitespace_Returns_False" computerName="WATCHINSTONE" duration="00:00:00.0002112" startTime="2026-07-24T23:30:13.2795257+08:00" endTime="2026-07-24T23:30:13.2795258+08:00" testType="13cdc9d9-ddb5-4fa4-a97d-d965ccfc6d4b" outcome="Passed" testListId="8c84fa94-04c1-424b-9868-57a2d4851a1d" relativeResultsDirectory="e3eb7189-f041-4680-a8a5-9c23ce168df8" />
    <UnitTestResult executionId="92527403-ff7f-4fd9-8e8e-31a87b897060" testId="09f592d1-77b1-242a-a0e7-bf9859e19890" testName="UsageMonitor.Core.Tests.PluginManagerTests.RegisterPlugin_Duplicate_Id_Skips_Second" computerName="WATCHINSTONE" duration="00:00:00.0007528" startTime="2026-07-24T23:30:13.2774085+08:00" endTime="2026-07-24T23:30:13.2774086+08:00" testType="13cdc9d9-ddb5-4fa4-a97d-d965ccfc6d4b" outcome="Passed" testListId="8c84fa94-04c1-424b-9868-57a2d4851a1d" relativeResultsDirectory="92527403-ff7f-4fd9-8e8e-31a87b897060" />
    <UnitTestResult executionId="305e370b-a8b0-48ed-93ed-bbc0a936f0c8" testId="633ce702-c22f-11d0-5835-df515d84f186" testName="UsageMonitor.Core.Tests.ConfigServiceTests.Save_Then_Load_Preserves_All_Fields" computerName="WATCHINSTONE" duration="00:00:00.1718179" startTime="2026-07-24T23:30:13.3926185+08:00" endTime="2026-07-24T23:30:13.3926187+08:00" testType="13cdc9d9-ddb5-4fa4-a97d-d965ccfc6d4b" outcome="Passed" testListId="8c84fa94-04c1-424b-9868-57a2d4851a1d" relativeResultsDirectory="305e370b-a8b0-48ed-93ed-bbc0a936f0c8" />
    <UnitTestResult executionId="9b92ef2c-80d8-4a7f-9ace-b3e97ec8e346" testId="341150e2-eb82-54c8-da45-6227f8693b99" testName="UsageMonitor.Core.Tests.ConfigServiceConsumerFallbackTests.Mock_Save_Failure_Consumer_Checks_LastSaveError" computerName="WATCHINSTONE" duration="00:00:00.0067976" startTime="2026-07-24T23:30:13.5411744+08:00" endTime="2026-07-24T23:30:13.5411752+08:00" testType="13cdc9d9-ddb5-4fa4-a97d-d965ccfc6d4b" outcome="Passed" testListId="8c84fa94-04c1-424b-9868-57a2d4851a1d" relativeResultsDirectory="9b92ef2c-80d8-4a7f-9ace-b3e97ec8e346" />
    <UnitTestResult executionId="a5fe3ada-6309-42e0-9502-42d171d1a7c5" testId="ccdbc901-08b0-d955-ce3b-ec2dd26df970" testName="UsageMonitor.Core.Tests.ConfigServiceTests.Load_Clamps_RefreshIntervalSeconds_To_Reasonable_Range" computerName="WATCHINSTONE" duration="00:00:00.0042483" startTime="2026-07-24T23:30:13.4909628+08:00" endTime="2026-07-24T23:30:13.4909632+08:00" testType="13cdc9d9-ddb5-4fa4-a97d-d965ccfc6d4b" outcome="Passed" testListId="8c84fa94-04c1-424b-9868-57a2d4851a1d" relativeResultsDirectory="a5fe3ada-6309-42e0-9502-42d171d1a7c5" />
    <UnitTestResult executionId="794f2b0e-77e3-47ba-876f-799cfe54cc33" testId="3c078ca4-fdb8-b486-3ca6-e34c0aa0c239" testName="UsageMonitor.Core.Tests.ProviderConfigTests.Validate_All_Required_Fields_Filled_Returns_True" computerName="WATCHINSTONE" duration="00:00:00.0026031" startTime="2026-07-24T23:30:13.2776082+08:00" endTime="2026-07-24T23:30:13.2776082+08:00" testType="13cdc9d9-ddb5-4fa4-a97d-d965ccfc6d4b" outcome="Passed" testListId="8c84fa94-04c1-424b-9868-57a2d4851a1d" relativeResultsDirectory="794f2b0e-77e3-47ba-876f-799cfe54cc33" />
    <UnitTestResult executionId="486f7f80-3567-44ce-a1b9-7fc6e32e053a" testId="a73f6005-e434-91b0-1327-6c982cef5cfe" testName="UsageMonitor.Core.Tests.AccountEntityTests.AddCard_FirstCard_UsesDefaultCardId" computerName="WATCHINSTONE" duration="00:00:00.0304262" startTime="2026-07-24T23:30:13.6548116+08:00" endTime="2026-07-24T23:30:13.6548118+08:00" testType="13cdc9d9-ddb5-4fa4-a97d-d965ccfc6d4b" outcome="Passed" testListId="8c84fa94-04c1-424b-9868-57a2d4851a1d" relativeResultsDirectory="486f7f80-3567-44ce-a1b9-7fc6e32e053a" />
    <UnitTestResult executionId="de50333a-1977-4162-a16a-0c92a381fce0" testId="ef53a42b-1736-0f04-8fcf-375c2ad887ab" testName="UsageMonitor.Core.Tests.DeclarativeExtractorTests.JsonPath_NonJsonContent_ReturnsEmpty_Tolerant" computerName="WATCHINSTONE" duration="00:00:00.0122208" startTime="2026-07-24T23:30:13.2815094+08:00" endTime="2026-07-24T23:30:13.2815095+08:00" testType="13cdc9d9-ddb5-4fa4-a97d-d965ccfc6d4b" outcome="Passed" testListId="8c84fa94-04c1-424b-9868-57a2d4851a1d" relativeResultsDirectory="de50333a-1977-4162-a16a-0c92a381fce0" />
    <UnitTestResult executionId="b17a5037-8cd0-4d08-b05e-d14de19ded92" testId="f3d2f9a4-543a-c386-258e-d2ec7a002d38" testName="UsageMonitor.Core.Tests.ConfigServiceTests.Load_With_Corrupted_File_And_Bak_Recovers_From_Bak" computerName="WATCHINSTONE" duration="00:00:00.0466400" startTime="2026-07-24T23:30:13.5694948+08:00" endTime="2026-07-24T23:30:13.5694953+08:00" testType="13cdc9d9-ddb5-4fa4-a97d-d965ccfc6d4b" outcome="Passed" testListId="8c84fa94-04c1-424b-9868-57a2d4851a1d" relativeResultsDirectory="b17a5037-8cd0-4d08-b05e-d14de19ded92" />
    <UnitTestResult executionId="9aeffa69-3caf-4465-b083-30963d3f06d9" testId="f8158361-aab0-ab5c-6194-e001e07f34b9" testName="UsageMonitor.Core.Tests.ConfigServiceTests.Load_After_Save_Decrypts_Sensitive_Keys_Back_To_Plaintext" computerName="WATCHINSTONE" duration="00:00:00.0514109" startTime="2026-07-24T23:30:13.6484735+08:00" endTime="2026-07-24T23:30:13.6484738+08:00" testType="13cdc9d9-ddb5-4fa4-a97d-d965ccfc6d4b" outcome="Passed" testListId="8c84fa94-04c1-424b-9868-57a2d4851a1d" relativeResultsDirectory="9aeffa69-3caf-4465-b083-30963d3f06d9" />
    <UnitTestResult executionId="34d66c65-0ede-4a38-9684-5e6c0b11681b" testId="dab43732-c2f5-ebb0-6272-70ca37350624" testName="UsageMonitor.Core.Tests.DeclarativeCaptureExecutorTests.Finds_SelectGeneralAndVideoByModelName" computerName="WATCHINSTONE" duration="00:00:00.0089066" startTime="2026-07-24T23:30:13.3652160+08:00" endTime="2026-07-24T23:30:13.3652162+08:00" testType="13cdc9d9-ddb5-4fa4-a97d-d965ccfc6d4b" outcome="Passed" testListId="8c84fa94-04c1-424b-9868-57a2d4851a1d" relativeResultsDirectory="34d66c65-0ede-4a38-9684-5e6c0b11681b" />
    <UnitTestResult executionId="160984bb-753b-41e2-a1c2-b783a42cf7ad" testId="6ad749c2-d0f2-927d-8391-e4c640dab329" testName="UsageMonitor.Core.Tests.ConfigServiceTests.IsSensitiveKey_Matches_Known_Keywords(key: &quot;Token&quot;)" computerName="WATCHINSTONE" duration="00:00:00.0008789" startTime="2026-07-24T23:30:13.5024530+08:00" endTime="2026-07-24T23:30:13.5024532+08:00" testType="13cdc9d9-ddb5-4fa4-a97d-d965ccfc6d4b" outcome="Passed" testListId="8c84fa94-04c1-424b-9868-57a2d4851a1d" relativeResultsDirectory="160984bb-753b-41e2-a1c2-b783a42cf7ad" />
    <UnitTestResult executionId="baf9b067-1055-4e55-8f73-7e63acbeef70" testId="3c4c24ac-5f43-b2ef-6eee-ea1172845f12" testName="UsageMonitor.Core.Tests.ConfigServiceTests.Load_When_File_Missing_Creates_Default_And_Persists" computerName="WATCHINSTONE" duration="00:00:00.0190830" startTime="2026-07-24T23:30:13.6915095+08:00" endTime="2026-07-24T23:30:13.6915099+08:00" testType="13cdc9d9-ddb5-4fa4-a97d-d965ccfc6d4b" outcome="Passed" testListId="8c84fa94-04c1-424b-9868-57a2d4851a1d" relativeResultsDirectory="baf9b067-1055-4e55-8f73-7e63acbeef70" />
    <UnitTestResult executionId="68e9f3f9-898f-47f3-83f5-6eaab64df7ac" testId="52df3455-4fdb-00a4-9ca2-12e1cc8d3edc" testName="UsageMonitor.Core.Tests.AccountEntityTests.RemoveCard_RemovesAndCleansAccountCustomization" computerName="WATCHINSTONE" duration="00:00:00.0754292" startTime="2026-07-24T23:30:13.4938142+08:00" endTime="2026-07-24T23:30:13.4938143+08:00" testType="13cdc9d9-ddb5-4fa4-a97d-d965ccfc6d4b" outcome="Passed" testListId="8c84fa94-04c1-424b-9868-57a2d4851a1d" relativeResultsDirectory="68e9f3f9-898f-47f3-83f5-6eaab64df7ac" />
    <UnitTestResult executionId="5320ebcc-1a71-489f-8553-cdf9b6fd122a" testId="773a2de4-5402-aaa2-4a44-b28f1b9bd159" testName="UsageMonitor.Core.Tests.AccountEntityTests.AccountCustomization_Cards_HoldsMultipleCards" computerName="WATCHINSTONE" duration="00:00:00.0025985" startTime="2026-07-24T23:30:13.6240646+08:00" endTime="2026-07-24T23:30:13.6240650+08:00" testType="13cdc9d9-ddb5-4fa4-a97d-d965ccfc6d4b" outcome="Passed" testListId="8c84fa94-04c1-424b-9868-57a2d4851a1d" relativeResultsDirectory="5320ebcc-1a71-489f-8553-cdf9b6fd122a" />
    <UnitTestResult executionId="b9860ab6-e36d-4f8e-9d9c-842da82f000a" testId="7a593040-7f93-896a-df66-9fc47a3d6cbb" testName="UsageMonitor.Core.Tests.ProviderConfigTests.Concurrent_Read_Write_Does_Not_Throw" computerName="WATCHINSTONE" duration="00:00:00.0247070" startTime="2026-07-24T23:30:13.2851607+08:00" endTime="2026-07-24T23:30:13.2851609+08:00" testType="13cdc9d9-ddb5-4fa4-a97d-d965ccfc6d4b" outcome="Passed" testListId="8c84fa94-04c1-424b-9868-57a2d4851a1d" relativeResultsDirectory="b9860ab6-e36d-4f8e-9d9c-842da82f000a" />
    <UnitTestResult executionId="4f974b32-7315-46d3-94a6-af4abfbc6d6a" testId="81d2c5fb-32b2-a5a1-8a56-c5c5ed30c09f" testName="UsageMonitor.Core.Tests.ChartSdkModelTests.UsageError_OccurredAtUtc_DefaultsToNow" computerName="WATCHINSTONE" duration="00:00:00.0011521" startTime="2026-07-24T23:30:13.2889174+08:00" endTime="2026-07-24T23:30:13.2889176+08:00" testType="13cdc9d9-ddb5-4fa4-a97d-d965ccfc6d4b" outcome="Passed" testListId="8c84fa94-04c1-424b-9868-57a2d4851a1d" relativeResultsDirectory="4f974b32-7315-46d3-94a6-af4abfbc6d6a" />
    <UnitTestResult executionId="8c4540ef-8f4a-44eb-a879-aeb48b754787" testId="9e677c39-ebdb-6b9e-bc27-bcb8fd3dd514" testName="UsageMonitor.Core.Tests.UsageHistoryStoreAddErrorPointTests.AddErrorPoint_NonEmptyQueue_CarriesLastValidPercent" computerName="WATCHINSTONE" duration="00:00:00.0182011" startTime="2026-07-24T23:30:13.2480058+08:00" endTime="2026-07-24T23:30:13.2480381+08:00" testType="13cdc9d9-ddb5-4fa4-a97d-d965ccfc6d4b" outcome="Passed" testListId="8c84fa94-04c1-424b-9868-57a2d4851a1d" relativeResultsDirectory="8c4540ef-8f4a-44eb-a879-aeb48b754787" />
    <UnitTestResult executionId="1d4d8d53-1690-4a43-b876-6a036d975687" testId="835aead4-29d5-5aba-d676-402c7213fc1c" testName="UsageMonitor.Core.Tests.ChartSdkModelTests.CreditUnit_Format_IntegerWithName" computerName="WATCHINSTONE" duration="00:00:00.0005513" startTime="2026-07-24T23:30:13.2847635+08:00" endTime="2026-07-24T23:30:13.2847637+08:00" testType="13cdc9d9-ddb5-4fa4-a97d-d965ccfc6d4b" outcome="Passed" testListId="8c84fa94-04c1-424b-9868-57a2d4851a1d" relativeResultsDirectory="1d4d8d53-1690-4a43-b876-6a036d975687" />
    <UnitTestResult executionId="70f0c5a8-2be5-4737-b26d-65a6ad23fb7a" testId="cbfe90b1-cb2f-38cb-f15f-6c1c8fb369c8" testName="UsageMonitor.Core.Tests.RefreshServiceTests.RefreshAllAsync_Concurrent_Calls_Only_Execute_Once" computerName="WATCHINSTONE" duration="00:00:00.0924965" startTime="2026-07-24T23:30:13.3175501+08:00" endTime="2026-07-24T23:30:13.3175503+08:00" testType="13cdc9d9-ddb5-4fa4-a97d-d965ccfc6d4b" outcome="Passed" testListId="8c84fa94-04c1-424b-9868-57a2d4851a1d" relativeResultsDirectory="70f0c5a8-2be5-4737-b26d-65a6ad23fb7a" />
    <UnitTestResult executionId="47564811-b7ad-4625-bd08-6c9bf47b862a" testId="798663cd-7a4f-b47f-24ce-526c80bf1535" testName="UsageMonitor.Core.Tests.CardChartConfigTests.AccountCustomization_NewFields_DefaultToEmpty" computerName="WATCHINSTONE" duration="00:00:00.0224975" startTime="2026-07-24T23:30:13.2555557+08:00" endTime="2026-07-24T23:30:13.2555560+08:00" testType="13cdc9d9-ddb5-4fa4-a97d-d965ccfc6d4b" outcome="Passed" testListId="8c84fa94-04c1-424b-9868-57a2d4851a1d" relativeResultsDirectory="47564811-b7ad-4625-bd08-6c9bf47b862a" />
    <UnitTestResult executionId="dc3a3155-7932-4e7f-b01b-e213286ea56d" testId="65faed50-7e4a-5f70-e51b-348346a896c1" testName="UsageMonitor.Core.Tests.AccountEntityTests.AccountCustomization_MakeKey_ThreeSegment" computerName="WATCHINSTONE" duration="00:00:00.0012078" startTime="2026-07-24T23:30:13.9124762+08:00" endTime="2026-07-24T23:30:13.9124764+08:00" testType="13cdc9d9-ddb5-4fa4-a97d-d965ccfc6d4b" outcome="Passed" testListId="8c84fa94-04c1-424b-9868-57a2d4851a1d" relativeResultsDirectory="dc3a3155-7932-4e7f-b01b-e213286ea56d" />
    <UnitTestResult executionId="adf18b18-cc53-4119-960f-8e56dfc57f2f" testId="0d5f728e-58db-e3f4-c5df-d042ea89f2e0" testName="UsageMonitor.Core.Tests.CardChartConfigTests.SetCardChartConfiguration_RoundTrip_PreservesOrder" computerName="WATCHINSTONE" duration="00:00:00.0301370" startTime="2026-07-24T23:30:13.4594007+08:00" endTime="2026-07-24T23:30:13.4594015+08:00" testType="13cdc9d9-ddb5-4fa4-a97d-d965ccfc6d4b" outcome="Passed" testListId="8c84fa94-04c1-424b-9868-57a2d4851a1d" relativeResultsDirectory="adf18b18-cc53-4119-960f-8e56dfc57f2f" />
    <UnitTestResult executionId="56f93ea2-47c4-4faf-9da2-8597f96c095f" testId="a93eb079-aad4-31ef-1cf5-d8a7f3653b30" testName="UsageMonitor.Core.Tests.ConfigServiceConsumerFallbackTests.Real_GetProviderConfig_Backfills_Defaults_From_Plugin_Declaration" computerName="WATCHINSTONE" duration="00:00:00.0267108" startTime="2026-07-24T23:30:13.6223029+08:00" endTime="2026-07-24T23:30:13.6223033+08:00" testType="13cdc9d9-ddb5-4fa4-a97d-d965ccfc6d4b" outcome="Passed" testListId="8c84fa94-04c1-424b-9868-57a2d4851a1d" relativeResultsDirectory="56f93ea2-47c4-4faf-9da2-8597f96c095f" />
    <UnitTestResult executionId="17bc5bf1-f2d7-447e-a5e3-fb6a51f34a97" testId="405e9511-dfaf-ddfc-fef0-74dece9be744" testName="UsageMonitor.Core.Tests.PluginManagerTests.UnloadPlugin_Returns_False_For_Unknown_Id" computerName="WATCHINSTONE" duration="00:00:00.0014130" startTime="2026-07-24T23:30:13.2794720+08:00" endTime="2026-07-24T23:30:13.2794721+08:00" testType="13cdc9d9-ddb5-4fa4-a97d-d965ccfc6d4b" outcome="Passed" testListId="8c84fa94-04c1-424b-9868-57a2d4851a1d" relativeResultsDirectory="17bc5bf1-f2d7-447e-a5e3-fb6a51f34a97" />
    <UnitTestResult executionId="59b57d25-2758-4e08-95d2-6baa2c794051" testId="18555e39-ec93-f334-0e00-277ec1bc65af" testName="UsageMonitor.Core.Tests.AccountEntityTests.AddAccount_SecondAccount_NotDefault_GeneratesUniqueId" computerName="WATCHINSTONE" duration="00:00:00.1904397" startTime="2026-07-24T23:30:13.4111634+08:00" endTime="2026-07-24T23:30:13.4111635+08:00" testType="13cdc9d9-ddb5-4fa4-a97d-d965ccfc6d4b" outcome="Passed" testListId="8c84fa94-04c1-424b-9868-57a2d4851a1d" relativeResultsDirectory="59b57d25-2758-4e08-95d2-6baa2c794051" />
    <UnitTestResult executionId="c6f42a09-8abe-45e7-90fd-6708372affd6" testId="8eb4fe7b-8a43-a92e-f941-3b7d925676d0" testName="UsageMonitor.Core.Tests.AccountCustomizationMergeTests.Effective_AccountCustomizationSet_OverridesLegacyDicts" computerName="WATCHINSTONE" duration="00:00:00.0864345" startTime="2026-07-24T23:30:13.3072815+08:00" endTime="2026-07-24T23:30:13.3072817+08:00" testType="13cdc9d9-ddb5-4fa4-a97d-d965ccfc6d4b" outcome="Passed" testListId="8c84fa94-04c1-424b-9868-57a2d4851a1d" relativeResultsDirectory="c6f42a09-8abe-45e7-90fd-6708372affd6" />
    <UnitTestResult executionId="83376056-8df8-4eb3-9f6c-bf5ee301d5b6" testId="11ea06f4-2869-17a5-5fd7-52558e23be6f" testName="UsageMonitor.Core.Tests.PluginManagerTests.LoadPlugins_With_AllowExternalPlugins_False_Keeps_Empty_And_Fires_Event" computerName="WATCHINSTONE" duration="00:00:00.0027094" startTime="2026-07-24T23:30:13.2904005+08:00" endTime="2026-07-24T23:30:13.2904006+08:00" testType="13cdc9d9-ddb5-4fa4-a97d-d965ccfc6d4b" outcome="Passed" testListId="8c84fa94-04c1-424b-9868-57a2d4851a1d" relativeResultsDirectory="83376056-8df8-4eb3-9f6c-bf5ee301d5b6" />
    <UnitTestResult executionId="53bbabc0-d9a0-4196-83a5-f940f3dc3af8" testId="b13e5cae-bb32-1219-f280-ea276e5c5e8a" testName="UsageMonitor.Core.Tests.RefreshServiceTests.RefreshAllAsync_With_Internal_Fault_Does_Not_Propagate_To_ContinueWith_Callback" computerName="WATCHINSTONE" duration="00:00:00.0008897" startTime="2026-07-24T23:30:13.3259665+08:00" endTime="2026-07-24T23:30:13.3259666+08:00" testType="13cdc9d9-ddb5-4fa4-a97d-d965ccfc6d4b" outcome="Passed" testListId="8c84fa94-04c1-424b-9868-57a2d4851a1d" relativeResultsDirectory="53bbabc0-d9a0-4196-83a5-f940f3dc3af8" />
    <UnitTestResult executionId="183fbd7a-4154-4a01-ac20-a0c0a4e2cc02" testId="b021fb01-d232-b0ac-3869-2803214d359e" testName="UsageMonitor.Core.Tests.ChartSdkModelTests.UnknownUnit_Format_ValueOnly" computerName="WATCHINSTONE" duration="00:00:00.0003051" startTime="2026-07-24T23:30:13.2893857+08:00" endTime="2026-07-24T23:30:13.2893859+08:00" testType="13cdc9d9-ddb5-4fa4-a97d-d965ccfc6d4b" outcome="Passed" testListId="8c84fa94-04c1-424b-9868-57a2d4851a1d" relativeResultsDirectory="183fbd7a-4154-4a01-ac20-a0c0a4e2cc02" />
    <UnitTestResult executionId="6b91fb73-e30d-40d8-addb-56429f9dd826" testId="541861df-b022-5b7f-bdac-fbdcccc6aa4a" testName="UsageMonitor.Core.Tests.UsageHistoryStoreAddErrorPointTests.AddErrorPoint_ConsecutiveErrors_ReuseSameLastPercent" computerName="WATCHINSTONE" duration="00:00:00.0004482" startTime="2026-07-24T23:30:13.2772993+08:00" endTime="2026-07-24T23:30:13.2772994+08:00" testType="13cdc9d9-ddb5-4fa4-a97d-d965ccfc6d4b" outcome="Passed" testListId="8c84fa94-04c1-424b-9868-57a2d4851a1d" relativeResultsDirectory="6b91fb73-e30d-40d8-addb-56429f9dd826" />
    <UnitTestResult executionId="5312adcd-5f49-4e70-a040-066816c2aa3e" testId="16041c9f-7ae8-5e0e-5f5e-55e87e37e16a" testName="UsageMonitor.Core.Tests.ProviderConfigTests.SetValue_And_GetValue_Roundtrip" computerName="WATCHINSTONE" duration="00:00:00.0171866" startTime="2026-07-24T23:30:13.2545294+08:00" endTime="2026-07-24T23:30:13.2545296+08:00" testType="13cdc9d9-ddb5-4fa4-a97d-d965ccfc6d4b" outcome="Passed" testListId="8c84fa94-04c1-424b-9868-57a2d4851a1d" relativeResultsDirectory="5312adcd-5f49-4e70-a040-066816c2aa3e" />
    <UnitTestResult executionId="66841c0c-cd47-4a40-96ec-b3993180331a" testId="d6052d69-37ed-4c74-0176-9ab94f8c9b7a" testName="UsageMonitor.Core.Tests.DeclarativeMiniMaxManifestTests.RealDefaultsJson_LoadsWithFetchDeclaration" computerName="WATCHINSTONE" duration="00:00:00.1515908" startTime="2026-07-24T23:30:13.3761883+08:00" endTime="2026-07-24T23:30:13.3761886+08:00" testType="13cdc9d9-ddb5-4fa4-a97d-d965ccfc6d4b" outcome="Passed" testListId="8c84fa94-04c1-424b-9868-57a2d4851a1d" relativeResultsDirectory="66841c0c-cd47-4a40-96ec-b3993180331a" />
    <UnitTestResult executionId="88af33d9-a06b-44bc-8d7e-6d4c1e636707" testId="428c76bb-dae5-5a5a-83bb-cff60ecbcc86" testName="UsageMonitor.Core.Tests.DeclarativeExtractorTests.Registry_Run_DispatchesJsonPathDirectives" computerName="WATCHINSTONE" duration="00:00:00.0027234" startTime="2026-07-24T23:30:13.2805882+08:00" endTime="2026-07-24T23:30:13.2805882+08:00" testType="13cdc9d9-ddb5-4fa4-a97d-d965ccfc6d4b" outcome="Passed" testListId="8c84fa94-04c1-424b-9868-57a2d4851a1d" relativeResultsDirectory="88af33d9-a06b-44bc-8d7e-6d4c1e636707" />
    <UnitTestResult executionId="d1ac50a5-9204-4393-a8b4-8e83b8272d1d" testId="bd7892ac-8baa-11ea-10fb-f4309cf6f1a3" testName="UsageMonitor.Core.Tests.ConfigServiceTests.IsSensitiveKey_Matches_Known_Keywords(key: &quot;Password&quot;)" computerName="WATCHINSTONE" duration="00:00:00.0014369" startTime="2026-07-24T23:30:13.4973121+08:00" endTime="2026-07-24T23:30:13.4973123+08:00" testType="13cdc9d9-ddb5-4fa4-a97d-d965ccfc6d4b" outcome="Passed" testListId="8c84fa94-04c1-424b-9868-57a2d4851a1d" relativeResultsDirectory="d1ac50a5-9204-4393-a8b4-8e83b8272d1d" />
    <UnitTestResult executionId="8125bea6-fbe1-48f7-b8b9-b83a3e45291b" testId="e87d8c28-eead-f297-a46e-6d1d1bfb4228" testName="UsageMonitor.Core.Tests.AccountCustomizationMergeTests.Effective_AccountCustomizationMissing_FallsBackToLegacyDicts" computerName="WATCHINSTONE" duration="00:00:00.0083354" startTime="2026-07-24T23:30:13.3157845+08:00" endTime="2026-07-24T23:30:13.3157847+08:00" testType="13cdc9d9-ddb5-4fa4-a97d-d965ccfc6d4b" outcome="Passed" testListId="8c84fa94-04c1-424b-9868-57a2d4851a1d" relativeResultsDirectory="8125bea6-fbe1-48f7-b8b9-b83a3e45291b" />
    <UnitTestResult executionId="8d816c90-e111-441e-89fd-fdc631443570" testId="0ae1b066-218e-72f2-ed1a-6eeb48be686f" testName="UsageMonitor.Core.Tests.DeclarativeCaptureExecutorTests.ParallelArrays_ProduceAlignedTypedLists" computerName="WATCHINSTONE" duration="00:00:00.0163438" startTime="2026-07-24T23:30:13.3816748+08:00" endTime="2026-07-24T23:30:13.3816751+08:00" testType="13cdc9d9-ddb5-4fa4-a97d-d965ccfc6d4b" outcome="Passed" testListId="8c84fa94-04c1-424b-9868-57a2d4851a1d" relativeResultsDirectory="8d816c90-e111-441e-89fd-fdc631443570" />
    <UnitTestResult executionId="397b82bc-edd3-4903-a7d3-e6d68076cbbb" testId="b87d0eec-1f03-ee11-9529-643334b3ffe6" testName="UsageMonitor.Core.Tests.AccountEntityTests.AddAccount_NullOrEmptyNickname_StoredAsNull" computerName="WATCHINSTONE" duration="00:00:00.0311154" startTime="2026-07-24T23:30:13.6908089+08:00" endTime="2026-07-24T23:30:13.6908092+08:00" testType="13cdc9d9-ddb5-4fa4-a97d-d965ccfc6d4b" outcome="Passed" testListId="8c84fa94-04c1-424b-9868-57a2d4851a1d" relativeResultsDirectory="397b82bc-edd3-4903-a7d3-e6d68076cbbb" />
    <UnitTestResult executionId="413fc9b7-6998-4e05-817d-98a939e9728f" testId="d2b3aa77-08fd-1ec9-0423-8a71d9740894" testName="UsageMonitor.Core.Tests.AccountEntityTests.UpdateAccount_NonExistent_Throws" computerName="WATCHINSTONE" duration="00:00:00.0070090" startTime="2026-07-24T23:30:13.4182596+08:00" endTime="2026-07-24T23:30:13.4182606+08:00" testType="13cdc9d9-ddb5-4fa4-a97d-d965ccfc6d4b" outcome="Passed" testListId="8c84fa94-04c1-424b-9868-57a2d4851a1d" relativeResultsDirectory="413fc9b7-6998-4e05-817d-98a939e9728f" />
    <UnitTestResult executionId="1226b4b4-7427-4573-91a0-f4666a8c9206" testId="6ca98370-d7c0-4e6c-2d85-17c8643fce17" testName="UsageMonitor.Core.Tests.DeclarativeMiniMaxManifestTests.RealDeclaration_EndToEnd_ProducesAllExpectedExtras" computerName="WATCHINSTONE" duration="00:00:00.0097099" startTime="2026-07-24T23:30:13.3860066+08:00" endTime="2026-07-24T23:30:13.3860066+08:00" testType="13cdc9d9-ddb5-4fa4-a97d-d965ccfc6d4b" outcome="Passed" testListId="8c84fa94-04c1-424b-9868-57a2d4851a1d" relativeResultsDirectory="1226b4b4-7427-4573-91a0-f4666a8c9206" />
    <UnitTestResult executionId="9f84b149-d47c-4ebb-9a3c-42be747675dd" testId="00babaf8-bca2-9c3e-5b6f-eef761cb8fea" testName="UsageMonitor.Core.Tests.AccountEntityTests.GetEffectiveAccountCustomization_CopiesTooltipAndMiniFields" computerName="WATCHINSTONE" duration="00:00:00.0011867" startTime="2026-07-24T23:30:13.9147534+08:00" endTime="2026-07-24T23:30:13.9147536+08:00" testType="13cdc9d9-ddb5-4fa4-a97d-d965ccfc6d4b" outcome="Passed" testListId="8c84fa94-04c1-424b-9868-57a2d4851a1d" relativeResultsDirectory="9f84b149-d47c-4ebb-9a3c-42be747675dd" />
    <UnitTestResult executionId="e42d6b21-f27c-49f2-8b5c-64861152529e" testId="a13fb0ae-e03a-9e35-27e5-90a8793c0352" testName="UsageMonitor.Core.Tests.DeclarativeCaptureExecutorTests.ScalarFields_ParsedFromCapturedJson" computerName="WATCHINSTONE" duration="00:00:00.1314994" startTime="2026-07-24T23:30:13.3561984+08:00" endTime="2026-07-24T23:30:13.3561988+08:00" testType="13cdc9d9-ddb5-4fa4-a97d-d965ccfc6d4b" outcome="Passed" testListId="8c84fa94-04c1-424b-9868-57a2d4851a1d" relativeResultsDirectory="e42d6b21-f27c-49f2-8b5c-64861152529e" />
    <UnitTestResult executionId="a2333b44-e0c5-478d-8ae0-6f787c3f6ba1" testId="542e8e5e-91fe-53c6-00fa-f3cc280c0504" testName="UsageMonitor.Core.Tests.ConfigServiceTests.IsSensitiveKey_Does_Not_Match_Regular_Keys(key: &quot;Region&quot;)" computerName="WATCHINSTONE" duration="00:00:00.0014202" startTime="2026-07-24T23:30:13.5062982+08:00" endTime="2026-07-24T23:30:13.5062985+08:00" testType="13cdc9d9-ddb5-4fa4-a97d-d965ccfc6d4b" outcome="Passed" testListId="8c84fa94-04c1-424b-9868-57a2d4851a1d" relativeResultsDirectory="a2333b44-e0c5-478d-8ae0-6f787c3f6ba1" />
    <UnitTestResult executionId="bd25f0d6-ee19-4d3e-9540-10fefc7f3a4b" testId="9b599309-9f78-ef12-97b6-2b069e2ce057" testName="UsageMonitor.Core.Tests.ConfigServiceTests.Save_Then_Load_Preserves_CookieRetentionDays" computerName="WATCHINSTONE" duration="00:00:00.0272836" startTime="2026-07-24T23:30:13.5969147+08:00" endTime="2026-07-24T23:30:13.5969153+08:00" testType="13cdc9d9-ddb5-4fa4-a97d-d965ccfc6d4b" outcome="Passed" testListId="8c84fa94-04c1-424b-9868-57a2d4851a1d" relativeResultsDirectory="bd25f0d6-ee19-4d3e-9540-10fefc7f3a4b" />
    <UnitTestResult executionId="b5e2cfdd-8dcb-43f7-8c1e-6f52647a1a9a" testId="bdd7f1a1-ee46-3db8-e726-1224a1e4ce51" testName="UsageMonitor.Core.Tests.ConfigServiceTests.Save_Encrypts_Sensitive_Keys_In_File_On_Disk" computerName="WATCHINSTONE" duration="00:00:00.0591528" startTime="2026-07-24T23:30:13.4865480+08:00" endTime="2026-07-24T23:30:13.4865485+08:00" testType="13cdc9d9-ddb5-4fa4-a97d-d965ccfc6d4b" outcome="Passed" testListId="8c84fa94-04c1-424b-9868-57a2d4851a1d" relativeResultsDirectory="b5e2cfdd-8dcb-43f7-8c1e-6f52647a1a9a" />
    <UnitTestResult executionId="92c16001-78dc-47ff-b294-76e746fa4ff1" testId="07d6612b-b563-0e66-1921-2ae4248d39f5" testName="UsageMonitor.Core.Tests.AccountCustomizationMergeTests.MakeKey_FormatsAsProviderIdColonAccountIdColonCardId" computerName="WATCHINSTONE" duration="00:00:00.0030976" startTime="2026-07-24T23:30:13.3259062+08:00" endTime="2026-07-24T23:30:13.3259064+08:00" testType="13cdc9d9-ddb5-4fa4-a97d-d965ccfc6d4b" outcome="Passed" testListId="8c84fa94-04c1-424b-9868-57a2d4851a1d" relativeResultsDirectory="92c16001-78dc-47ff-b294-76e746fa4ff1" />
    <UnitTestResult executionId="fc52ccbc-b4eb-493a-8576-2229ee548a90" testId="f7bc89fa-aefe-c91c-d2b4-616b260da657" testName="UsageMonitor.Core.Tests.ProviderConfigTests.Values_Is_ConcurrentDictionary" computerName="WATCHINSTONE" duration="00:00:00.0020271" startTime="2026-07-24T23:30:13.2797020+08:00" endTime="2026-07-24T23:30:13.2797020+08:00" testType="13cdc9d9-ddb5-4fa4-a97d-d965ccfc6d4b" outcome="Passed" testListId="8c84fa94-04c1-424b-9868-57a2d4851a1d" relativeResultsDirectory="fc52ccbc-b4eb-493a-8576-2229ee548a90" />
    <UnitTestResult executionId="ca2aa836-9808-4c00-a585-50c91a6a7e34" testId="373df68a-483f-c39c-d2dd-371d7ac3b6e5" testName="UsageMonitor.Core.Tests.ConfigServiceTests.IsSensitiveKey_Does_Not_Match_Regular_Keys(key: &quot;Endpoint&quot;)" computerName="WATCHINSTONE" duration="00:00:00.0006912" startTime="2026-07-24T23:30:13.5088243+08:00" endTime="2026-07-24T23:30:13.5088245+08:00" testType="13cdc9d9-ddb5-4fa4-a97d-d965ccfc6d4b" outcome="Passed" testListId="8c84fa94-04c1-424b-9868-57a2d4851a1d" relativeResultsDirectory="ca2aa836-9808-4c00-a585-50c91a6a7e34" />
    <UnitTestResult executionId="f913f2cb-813e-4340-9275-d9b3d27ce8fe" testId="098e5cd0-16bc-c80f-6ada-ba3206189af0" testName="UsageMonitor.Core.Tests.ChartSdkModelTests.UsageInfo_GetUsagePercentage_QuantityPath" computerName="WATCHINSTONE" duration="00:00:00.0018057" startTime="2026-07-24T23:30:13.2817103+08:00" endTime="2026-07-24T23:30:13.2817104+08:00" testType="13cdc9d9-ddb5-4fa4-a97d-d965ccfc6d4b" outcome="Passed" testListId="8c84fa94-04c1-424b-9868-57a2d4851a1d" relativeResultsDirectory="f913f2cb-813e-4340-9275-d9b3d27ce8fe" />
    <UnitTestResult executionId="c6b31b1f-50f3-4886-85d6-7129489a3ebe" testId="6748340d-1ff9-8203-2830-3dde378233e0" testName="UsageMonitor.Core.Tests.ConfigServiceTests.Load_With_Corrupted_File_And_No_Bak_Falls_Back_To_Default_And_Backup" computerName="WATCHINSTONE" duration="00:00:00.0059231" startTime="2026-07-24T23:30:13.5178120+08:00" endTime="2026-07-24T23:30:13.5178124+08:00" testType="13cdc9d9-ddb5-4fa4-a97d-d965ccfc6d4b" outcome="Passed" testListId="8c84fa94-04c1-424b-9868-57a2d4851a1d" relativeResultsDirectory="c6b31b1f-50f3-4886-85d6-7129489a3ebe" />
    <UnitTestResult executionId="fa3a71b1-f404-4dde-9394-0933a121fff4" testId="f56b833a-bfcd-f477-0ac3-e5239dd12d40" testName="UsageMonitor.Core.Tests.ConfigServiceConsumerFallbackTests.Real_UpdateProviderConfig_Raises_ConfigChanged" computerName="WATCHINSTONE" duration="00:00:00.0261910" startTime="2026-07-24T23:30:13.3829175+08:00" endTime="2026-07-24T23:30:13.3829177+08:00" testType="13cdc9d9-ddb5-4fa4-a97d-d965ccfc6d4b" outcome="Passed" testListId="8c84fa94-04c1-424b-9868-57a2d4851a1d" relativeResultsDirectory="fa3a71b1-f404-4dde-9394-0933a121fff4" />
    <UnitTestResult executionId="7ddddcb4-5bf2-474e-85e1-457dd345da60" testId="3594beb9-696c-8a04-4960-90d8a9818039" testName="UsageMonitor.Core.Tests.PluginManagerTests.RegisterPlugin_Adds_To_Plugins_List" computerName="WATCHINSTONE" duration="00:00:00.0007902" startTime="2026-07-24T23:30:13.2795873+08:00" endTime="2026-07-24T23:30:13.2795874+08:00" testType="13cdc9d9-ddb5-4fa4-a97d-d965ccfc6d4b" outcome="Passed" testListId="8c84fa94-04c1-424b-9868-57a2d4851a1d" relativeResultsDirectory="7ddddcb4-5bf2-474e-85e1-457dd345da60" />
    <UnitTestResult executionId="2cd30e58-72c6-4665-9b6d-677e5b3bf582" testId="69ca04dc-c255-fe24-80ce-9aa4ad072a52" testName="UsageMonitor.Core.Tests.DeclarativeCaptureExecutorTests.ComputedSubtract_And_WeightedAvg" computerName="WATCHINSTONE" duration="00:00:00.0038389" startTime="2026-07-24T23:30:13.3899021+08:00" endTime="2026-07-24T23:30:13.3899023+08:00" testType="13cdc9d9-ddb5-4fa4-a97d-d965ccfc6d4b" outcome="Passed" testListId="8c84fa94-04c1-424b-9868-57a2d4851a1d" relativeResultsDirectory="2cd30e58-72c6-4665-9b6d-677e5b3bf582" />
    <UnitTestResult executionId="120b1c82-466e-4c89-baa7-fea1d4376be4" testId="4d249564-66a2-3c45-9488-76eeeb92d15f" testName="UsageMonitor.Core.Tests.AccountEntityTests.AddAccount_FirstAccount_DefaultsToDefault" computerName="WATCHINSTONE" duration="00:00:00.0033673" startTime="2026-07-24T23:30:13.9013180+08:00" endTime="2026-07-24T23:30:13.9013184+08:00" testType="13cdc9d9-ddb5-4fa4-a97d-d965ccfc6d4b" outcome="Passed" testListId="8c84fa94-04c1-424b-9868-57a2d4851a1d" relativeResultsDirectory="120b1c82-466e-4c89-baa7-fea1d4376be4" />
    <UnitTestResult executionId="018c819e-b3c8-494d-ac7b-37e27b58f76a" testId="f557bc84-8226-a7cb-2855-ee1d37f339a7" testName="UsageMonitor.Core.Tests.ConfigServiceConsumerFallbackTests.Real_GetProviderConfig_Unknown_Provider_Returns_Empty_Config" computerName="WATCHINSTONE" duration="00:00:00.0104145" startTime="2026-07-24T23:30:13.4299325+08:00" endTime="2026-07-24T23:30:13.4299327+08:00" testType="13cdc9d9-ddb5-4fa4-a97d-d965ccfc6d4b" outcome="Passed" testListId="8c84fa94-04c1-424b-9868-57a2d4851a1d" relativeResultsDirectory="018c819e-b3c8-494d-ac7b-37e27b58f76a" />
    <UnitTestResult executionId="85603e5f-0d61-4ff1-93a5-6a2ddd909220" testId="b071c9c6-1d6c-d0e4-3e5e-ff07da6a88d3" testName="UsageMonitor.Core.Tests.UsageHistoryStoreAddErrorPointTests.AddErrorPoint_EmptyQueue_UsesZeroLastPercent" computerName="WATCHINSTONE" duration="00:00:00.0006477" startTime="2026-07-24T23:30:13.2775754+08:00" endTime="2026-07-24T23:30:13.2775754+08:00" testType="13cdc9d9-ddb5-4fa4-a97d-d965ccfc6d4b" outcome="Passed" testListId="8c84fa94-04c1-424b-9868-57a2d4851a1d" relativeResultsDirectory="85603e5f-0d61-4ff1-93a5-6a2ddd909220" />
    <UnitTestResult executionId="c0a50e91-ae46-4a6b-917e-8b4926940a89" testId="26242098-e95e-2bf4-ee08-a4dd715f7da9" testName="UsageMonitor.Core.Tests.ChartSdkModelTests.UsageInfo_GetUsagePercentage_LegacyFields" computerName="WATCHINSTONE" duration="00:00:00.0002433" startTime="2026-07-24T23:30:13.2824052+08:00" endTime="2026-07-24T23:30:13.2824053+08:00" testType="13cdc9d9-ddb5-4fa4-a97d-d965ccfc6d4b" outcome="Passed" testListId="8c84fa94-04c1-424b-9868-57a2d4851a1d" relativeResultsDirectory="c0a50e91-ae46-4a6b-917e-8b4926940a89" />
    <UnitTestResult executionId="43050d48-82b8-4d5d-bef8-3896e616c052" testId="56305352-3c05-7690-416d-48a43d543e45" testName="UsageMonitor.Core.Tests.ConfigServiceTests.Save_Then_Load_Preserves_Accounts_LoginStates_AccountCustomizations" computerName="WATCHINSTONE" duration="00:00:00.0159646" startTime="2026-07-24T23:30:13.6722986+08:00" endTime="2026-07-24T23:30:13.6722989+08:00" testType="13cdc9d9-ddb5-4fa4-a97d-d965ccfc6d4b" outcome="Passed" testListId="8c84fa94-04c1-424b-9868-57a2d4851a1d" relativeResultsDirectory="43050d48-82b8-4d5d-bef8-3896e616c052" />
    <UnitTestResult executionId="637940ea-b2b4-4605-a945-f269be9dbc71" testId="f0efbbdf-1505-89b9-ddb5-5f858fbf3acf" testName="UsageMonitor.Core.Tests.ConfigServiceTests.IsSensitiveKey_Matches_Known_Keywords(key: &quot;Cookie&quot;)" computerName="WATCHINSTONE" duration="00:00:00.0021377" startTime="2026-07-24T23:30:13.4957841+08:00" endTime="2026-07-24T23:30:13.4957845+08:00" testType="13cdc9d9-ddb5-4fa4-a97d-d965ccfc6d4b" outcome="Passed" testListId="8c84fa94-04c1-424b-9868-57a2d4851a1d" relativeResultsDirectory="637940ea-b2b4-4605-a945-f269be9dbc71" />
    <UnitTestResult executionId="24a7d01b-5a1e-4d17-acd7-8e1101d16162" testId="c822a390-5834-6562-e956-6fc7ab408dec" testName="UsageMonitor.Core.Tests.DeclarativeCaptureExecutorTests.AccountId_ResolvesDefaultGroupId" computerName="WATCHINSTONE" duration="00:00:00.0039783" startTime="2026-07-24T23:30:13.3858474+08:00" endTime="2026-07-24T23:30:13.3858477+08:00" testType="13cdc9d9-ddb5-4fa4-a97d-d965ccfc6d4b" outcome="Passed" testListId="8c84fa94-04c1-424b-9868-57a2d4851a1d" relativeResultsDirectory="24a7d01b-5a1e-4d17-acd7-8e1101d16162" />
    <UnitTestResult executionId="66a024c5-d60b-4263-97c0-25d554773883" testId="97a9b2a8-a25b-0ffd-0d73-610a81f297c2" testName="UsageMonitor.Core.Tests.DeclarativeExtractorTests.JsonPath_ArrayIndex_ParsesNumber" computerName="WATCHINSTONE" duration="00:00:00.0004056" startTime="2026-07-24T23:30:13.2813463+08:00" endTime="2026-07-24T23:30:13.2813464+08:00" testType="13cdc9d9-ddb5-4fa4-a97d-d965ccfc6d4b" outcome="Passed" testListId="8c84fa94-04c1-424b-9868-57a2d4851a1d" relativeResultsDirectory="66a024c5-d60b-4263-97c0-25d554773883" />
    <UnitTestResult executionId="e8b5e67e-1811-4b09-8caa-846a1c696982" testId="2555d8d3-61e0-58a3-c293-755db97084b8" testName="UsageMonitor.Core.Tests.PluginManagerTests.UnloadPlugin_Removes_By_Id" computerName="WATCHINSTONE" duration="00:00:00.0171554" startTime="2026-07-24T23:30:13.2545972+08:00" endTime="2026-07-24T23:30:13.2545972+08:00" testType="13cdc9d9-ddb5-4fa4-a97d-d965ccfc6d4b" outcome="Passed" testListId="8c84fa94-04c1-424b-9868-57a2d4851a1d" relativeResultsDirectory="e8b5e67e-1811-4b09-8caa-846a1c696982" />
    <UnitTestResult executionId="eebf39c7-f552-469a-97bb-6602ebbb1dac" testId="2e06a9e1-4a90-3b23-d420-a6ae28b857a0" testName="UsageMonitor.Core.Tests.ChartSdkModelTests.TokenUnit_Format_CompactStyle(value: 2000000, expected: &quot;2.0M token&quot;)" computerName="WATCHINSTONE" duration="00:00:00.0026134" startTime="2026-07-24T23:30:13.2812992+08:00" endTime="2026-07-24T23:30:13.2812993+08:00" testType="13cdc9d9-ddb5-4fa4-a97d-d965ccfc6d4b" outcome="Passed" testListId="8c84fa94-04c1-424b-9868-57a2d4851a1d" relativeResultsDirectory="eebf39c7-f552-469a-97bb-6602ebbb1dac" />
    <UnitTestResult executionId="f5b4fb54-dc75-44c3-96b9-a62e284441eb" testId="3a0e4eec-16a7-5092-6481-0a8eb5e88cca" testName="UsageMonitor.Core.Tests.RefreshServiceTests.RefreshAllAsync_Overall_Timeout_Starts_Provider" computerName="WATCHINSTONE" duration="00:00:01.0077566" startTime="2026-07-24T23:30:14.3378903+08:00" endTime="2026-07-24T23:30:14.3378906+08:00" testType="13cdc9d9-ddb5-4fa4-a97d-d965ccfc6d4b" outcome="Passed" testListId="8c84fa94-04c1-424b-9868-57a2d4851a1d" relativeResultsDirectory="f5b4fb54-dc75-44c3-96b9-a62e284441eb" />
    <UnitTestResult executionId="c9c2ab8a-ff66-4a2a-93d4-39a250700ce3" testId="dab0f4fa-a8a3-0b6e-590a-f1f9598e4a93" testName="UsageMonitor.Core.Tests.ChartSdkModelTests.UnitBase_Equality_ByTypeAndKey" computerName="WATCHINSTONE" duration="00:00:00.0025843" startTime="2026-07-24T23:30:13.2803432+08:00" endTime="2026-07-24T23:30:13.2803433+08:00" testType="13cdc9d9-ddb5-4fa4-a97d-d965ccfc6d4b" outcome="Passed" testListId="8c84fa94-04c1-424b-9868-57a2d4851a1d" relativeResultsDirectory="c9c2ab8a-ff66-4a2a-93d4-39a250700ce3" />
    <UnitTestResult executionId="67f9ccba-f071-4cd7-8c07-f20220986a11" testId="0b440dab-322e-79dc-fa2e-399feed20162" testName="UsageMonitor.Core.Tests.AccountEntityTests.AddCard_SecondCard_GeneratesUniqueId" computerName="WATCHINSTONE" duration="00:00:00.0403048" startTime="2026-07-24T23:30:14.0749128+08:00" endTime="2026-07-24T23:30:14.0749134+08:00" testType="13cdc9d9-ddb5-4fa4-a97d-d965ccfc6d4b" outcome="Passed" testListId="8c84fa94-04c1-424b-9868-57a2d4851a1d" relativeResultsDirectory="67f9ccba-f071-4cd7-8c07-f20220986a11" />
    <UnitTestResult executionId="d54a2d7f-a379-4bf4-855d-18bb429329de" testId="eae41b27-6840-85ee-2b01-ecbfc1f3e29b" testName="UsageMonitor.Core.Tests.CardChartConfigTests.SetCardChartConfiguration_PersistsTooltipFields" computerName="WATCHINSTONE" duration="00:00:00.0274629" startTime="2026-07-24T23:30:13.4894848+08:00" endTime="2026-07-24T23:30:13.4894854+08:00" testType="13cdc9d9-ddb5-4fa4-a97d-d965ccfc6d4b" outcome="Passed" testListId="8c84fa94-04c1-424b-9868-57a2d4851a1d" relativeResultsDirectory="d54a2d7f-a379-4bf4-855d-18bb429329de" />
    <UnitTestResult executionId="64ea088f-97bb-4345-b41d-4322bf216674" testId="c0c0d228-0e1f-4f77-18b3-61b81b3a7bec" testName="UsageMonitor.Core.Tests.RefreshServiceTests.RefreshProviderAsync_Fires_UsageRefreshed_Event" computerName="WATCHINSTONE" duration="00:00:00.0026644" startTime="2026-07-24T23:30:13.3286563+08:00" endTime="2026-07-24T23:30:13.3286565+08:00" testType="13cdc9d9-ddb5-4fa4-a97d-d965ccfc6d4b" outcome="Passed" testListId="8c84fa94-04c1-424b-9868-57a2d4851a1d" relativeResultsDirectory="64ea088f-97bb-4345-b41d-4322bf216674" />
    <UnitTestResult executionId="3d598263-a4ba-4541-ad36-2adeb3419501" testId="e7a36553-8192-1016-f36c-979fe8121dd0" testName="UsageMonitor.Core.Tests.DeclarativeCaptureExecutorTests.ObjectArray_NestedModels_ExpandWithParentDate" computerName="WATCHINSTONE" duration="00:00:00.0038860" startTime="2026-07-24T23:30:13.4151104+08:00" endTime="2026-07-24T23:30:13.4151107+08:00" testType="13cdc9d9-ddb5-4fa4-a97d-d965ccfc6d4b" outcome="Passed" testListId="8c84fa94-04c1-424b-9868-57a2d4851a1d" relativeResultsDirectory="3d598263-a4ba-4541-ad36-2adeb3419501" />
    <UnitTestResult executionId="77fe8112-11b0-4739-bf9b-5d766912ba32" testId="71e35040-cd10-5f39-a75c-f767ba4461fb" testName="UsageMonitor.Core.Tests.PluginManagerTests.Plugins_Returns_Snapshot" computerName="WATCHINSTONE" duration="00:00:00.0016846" startTime="2026-07-24T23:30:13.2792783+08:00" endTime="2026-07-24T23:30:13.2792784+08:00" testType="13cdc9d9-ddb5-4fa4-a97d-d965ccfc6d4b" outcome="Passed" testListId="8c84fa94-04c1-424b-9868-57a2d4851a1d" relativeResultsDirectory="77fe8112-11b0-4739-bf9b-5d766912ba32" />
    <UnitTestResult executionId="594912d8-c6ad-4d3f-9696-80d9f09ce9b4" testId="76958e70-7955-28b4-9b4f-64bea6ebe520" testName="UsageMonitor.Core.Tests.AccountEntityTests.GetEffectiveAccountCustomization_ThreeSegmentKey_IsolatedPerCard" computerName="WATCHINSTONE" duration="00:00:00.0707025" startTime="2026-07-24T23:30:13.8451143+08:00" endTime="2026-07-24T23:30:13.8451147+08:00" testType="13cdc9d9-ddb5-4fa4-a97d-d965ccfc6d4b" outcome="Passed" testListId="8c84fa94-04c1-424b-9868-57a2d4851a1d" relativeResultsDirectory="594912d8-c6ad-4d3f-9696-80d9f09ce9b4" />
    <UnitTestResult executionId="f547cec1-6e3a-4604-b56b-50627fb6928b" testId="3871fb7f-30fd-3dc3-0d61-0cc7cc9b8184" testName="UsageMonitor.Core.Tests.ConfigServiceTests.IsSensitiveKey_Matches_Known_Keywords(key: &quot;Secret&quot;)" computerName="WATCHINSTONE" duration="00:00:00.0012607" startTime="2026-07-24T23:30:13.4935458+08:00" endTime="2026-07-24T23:30:13.4935460+08:00" testType="13cdc9d9-ddb5-4fa4-a97d-d965ccfc6d4b" outcome="Passed" testListId="8c84fa94-04c1-424b-9868-57a2d4851a1d" relativeResultsDirectory="f547cec1-6e3a-4604-b56b-50627fb6928b" />
    <UnitTestResult executionId="151efaaa-b174-4072-98aa-3730efb619f1" testId="b2a5fc70-2e70-6f23-c309-87b173fb7e79" testName="UsageMonitor.Core.Tests.ChartSdkModelTests.UsageInfo_GetRemainingTokens_UnlimitedAndBounded" computerName="WATCHINSTONE" duration="00:00:00.0170226" startTime="2026-07-24T23:30:13.2528423+08:00" endTime="2026-07-24T23:30:13.2528425+08:00" testType="13cdc9d9-ddb5-4fa4-a97d-d965ccfc6d4b" outcome="Passed" testListId="8c84fa94-04c1-424b-9868-57a2d4851a1d" relativeResultsDirectory="151efaaa-b174-4072-98aa-3730efb619f1" />
    <UnitTestResult executionId="6f629813-d073-4de1-b1a9-ea1f288cb56b" testId="f5f93e19-7b5c-4823-4e1c-f2f5da5b6a26" testName="UsageMonitor.Core.Tests.ChartSdkModelTests.PercentUnit_Format_IntegerPercent" computerName="WATCHINSTONE" duration="00:00:00.0001820" startTime="2026-07-24T23:30:13.2882059+08:00" endTime="2026-07-24T23:30:13.2882061+08:00" testType="13cdc9d9-ddb5-4fa4-a97d-d965ccfc6d4b" outcome="Passed" testListId="8c84fa94-04c1-424b-9868-57a2d4851a1d" relativeResultsDirectory="6f629813-d073-4de1-b1a9-ea1f288cb56b" />
    <UnitTestResult executionId="a2cc962d-c441-4507-8922-027220f0a1ca" testId="9e7e1e11-da2f-79c2-38cd-6a26aa935bb4" testName="UsageMonitor.Core.Tests.AccountEntityTests.GetAccount_FindsExistingAccount" computerName="WATCHINSTONE" duration="00:00:00.0250137" startTime="2026-07-24T23:30:14.1001307+08:00" endTime="2026-07-24T23:30:14.1001311+08:00" testType="13cdc9d9-ddb5-4fa4-a97d-d965ccfc6d4b" outcome="Passed" testListId="8c84fa94-04c1-424b-9868-57a2d4851a1d" relativeResultsDirectory="a2cc962d-c441-4507-8922-027220f0a1ca" />
    <UnitTestResult executionId="092365d8-7fdc-41aa-b49a-446b3fd039f3" testId="b05a7975-7aa8-c23e-861e-924fdc3610cc" testName="UsageMonitor.Core.Tests.ConfigServiceTests.Load_Normalizes_Missing_RingChartMetricOrder_To_Default" computerName="WATCHINSTONE" duration="00:00:00.0054193" startTime="2026-07-24T23:30:13.6540882+08:00" endTime="2026-07-24T23:30:13.6540886+08:00" testType="13cdc9d9-ddb5-4fa4-a97d-d965ccfc6d4b" outcome="Passed" testListId="8c84fa94-04c1-424b-9868-57a2d4851a1d" relativeResultsDirectory="092365d8-7fdc-41aa-b49a-446b3fd039f3" />
    <UnitTestResult executionId="beae0da0-9cf4-4267-be63-8d964959cb7c" testId="7cf5ea3a-24bc-8c2c-41f6-9c470d5c6551" testName="UsageMonitor.Core.Tests.AccountEntityTests.RemoveAccount_LastAccount_Throws" computerName="WATCHINSTONE" duration="00:00:00.0096472" startTime="2026-07-24T23:30:13.9111313+08:00" endTime="2026-07-24T23:30:13.9111317+08:00" testType="13cdc9d9-ddb5-4fa4-a97d-d965ccfc6d4b" outcome="Passed" testListId="8c84fa94-04c1-424b-9868-57a2d4851a1d" relativeResultsDirectory="beae0da0-9cf4-4267-be63-8d964959cb7c" />
    <UnitTestResult executionId="3a3cb989-a507-4bf2-99b8-15ff36abb5af" testId="4bc050c9-4fc5-d139-d5f7-eda3a7e156dc" testName="UsageMonitor.Core.Tests.ConfigServiceConsumerFallbackTests.Real_Load_Corrupted_No_Bak_Consumer_Reads_Defaults_Without_Exception" computerName="WATCHINSTONE" duration="00:00:00.1357268" startTime="2026-07-24T23:30:13.3569653+08:00" endTime="2026-07-24T23:30:13.3569654+08:00" testType="13cdc9d9-ddb5-4fa4-a97d-d965ccfc6d4b" outcome="Passed" testListId="8c84fa94-04c1-424b-9868-57a2d4851a1d" relativeResultsDirectory="3a3cb989-a507-4bf2-99b8-15ff36abb5af" />
    <UnitTestResult executionId="c619426f-6cc5-4ea3-bf73-fdac0c584b37" testId="4eff32f3-2828-b48e-142a-b510447bc143" testName="UsageMonitor.Core.Tests.DeclarativeExtractorTests.Registry_JsonPath_IsKnownAndExecutable" computerName="WATCHINSTONE" duration="00:00:00.0011745" startTime="2026-07-24T23:30:13.2803968+08:00" endTime="2026-07-24T23:30:13.2803969+08:00" testType="13cdc9d9-ddb5-4fa4-a97d-d965ccfc6d4b" outcome="Passed" testListId="8c84fa94-04c1-424b-9868-57a2d4851a1d" relativeResultsDirectory="c619426f-6cc5-4ea3-bf73-fdac0c584b37" />
    <UnitTestResult executionId="8638c86e-3b0c-4e5f-aac0-2245d31f9147" testId="9e0bb2b7-5c48-6c4b-ab7a-2f3636e2c950" testName="UsageMonitor.Core.Tests.ConfigServiceTests.IsSensitiveKey_Does_Not_Match_Regular_Keys(key: &quot;ModelName&quot;)" computerName="WATCHINSTONE" duration="00:00:00.0007319" startTime="2026-07-24T23:30:13.5099020+08:00" endTime="2026-07-24T23:30:13.5099022+08:00" testType="13cdc9d9-ddb5-4fa4-a97d-d965ccfc6d4b" outcome="Passed" testListId="8c84fa94-04c1-424b-9868-57a2d4851a1d" relativeResultsDirectory="8638c86e-3b0c-4e5f-aac0-2245d31f9147" />
    <UnitTestResult executionId="9e08d301-6e4c-4635-b957-bce62e502a54" testId="b65aa967-8252-37aa-52cc-58b8fd5b77d1" testName="UsageMonitor.Core.Tests.UsageDataLayerAccountTests.RequestDetail_And_DailyTrend_AreAccountIsolated" computerName="WATCHINSTONE" duration="00:00:00.0564908" startTime="2026-07-24T23:30:13.4310351+08:00" endTime="2026-07-24T23:30:13.4310354+08:00" testType="13cdc9d9-ddb5-4fa4-a97d-d965ccfc6d4b" outcome="Passed" testListId="8c84fa94-04c1-424b-9868-57a2d4851a1d" relativeResultsDirectory="9e08d301-6e4c-4635-b957-bce62e502a54" />
    <UnitTestResult executionId="0dcc4d19-48fb-46af-86b8-bb324e1774c9" testId="cb42aa29-6337-bfee-7ddb-2cdd07e695da" testName="UsageMonitor.Core.Tests.AccountEntityTests.UpdateAccount_ModifiesExisting" computerName="WATCHINSTONE" duration="00:00:00.0282426" startTime="2026-07-24T23:30:13.7716150+08:00" endTime="2026-07-24T23:30:13.7716154+08:00" testType="13cdc9d9-ddb5-4fa4-a97d-d965ccfc6d4b" outcome="Passed" testListId="8c84fa94-04c1-424b-9868-57a2d4851a1d" relativeResultsDirectory="0dcc4d19-48fb-46af-86b8-bb324e1774c9" />
    <UnitTestResult executionId="1efdbc32-ffdc-4fe4-ab28-b55b50766cdc" testId="e5e9562b-ac2f-5754-47cf-eedd02b4a5fe" testName="UsageMonitor.Core.Tests.ConfigServiceTests.UpdateSettings_Does_Not_Persist_To_Disk_Automatically" computerName="WATCHINSTONE" duration="00:00:00.0019619" startTime="2026-07-24T23:30:13.6561694+08:00" endTime="2026-07-24T23:30:13.6561696+08:00" testType="13cdc9d9-ddb5-4fa4-a97d-d965ccfc6d4b" outcome="Passed" testListId="8c84fa94-04c1-424b-9868-57a2d4851a1d" relativeResultsDirectory="1efdbc32-ffdc-4fe4-ab28-b55b50766cdc" />
    <UnitTestResult executionId="d8d234c6-5a0f-4702-bad6-7fbf49a786b0" testId="dada249e-098a-3484-f7d0-60dc316ad50d" testName="UsageMonitor.Core.Tests.DeclarativeExtractorTests.JsonPath_MemberPath_ParsesPercent" computerName="WATCHINSTONE" duration="00:00:00.0317032" startTime="2026-07-24T23:30:13.2802839+08:00" endTime="2026-07-24T23:30:13.2802840+08:00" testType="13cdc9d9-ddb5-4fa4-a97d-d965ccfc6d4b" outcome="Passed" testListId="8c84fa94-04c1-424b-9868-57a2d4851a1d" relativeResultsDirectory="d8d234c6-5a0f-4702-bad6-7fbf49a786b0" />
    <UnitTestResult executionId="d7f8dfb6-0c82-415f-ad55-a6e5bcf8857e" testId="fa787f70-fc04-ca57-f3ba-1306f9e5b837" testName="UsageMonitor.Core.Tests.RefreshServiceTests.RefreshAllAsync_Circuit_Breaker_Opens_After_Threshold_Failures" computerName="WATCHINSTONE" duration="00:00:00.0070882" startTime="2026-07-24T23:30:13.3248465+08:00" endTime="2026-07-24T23:30:13.3248467+08:00" testType="13cdc9d9-ddb5-4fa4-a97d-d965ccfc6d4b" outcome="Passed" testListId="8c84fa94-04c1-424b-9868-57a2d4851a1d" relativeResultsDirectory="d7f8dfb6-0c82-415f-ad55-a6e5bcf8857e" />
    <UnitTestResult executionId="a2c7a2b4-efa0-42fc-82e9-3f455528f0b8" testId="7c7e3ef3-2c07-50a5-a0e8-8a4f0d170003" testName="UsageMonitor.Core.Tests.ConfigServiceConsumerFallbackTests.Mock_GetProviderConfig_Unknown_Provider_Consumer_Gets_Empty_Config" computerName="WATCHINSTONE" duration="00:00:00.0906117" startTime="2026-07-24T23:30:13.5206988+08:00" endTime="2026-07-24T23:30:13.5206992+08:00" testType="13cdc9d9-ddb5-4fa4-a97d-d965ccfc6d4b" outcome="Passed" testListId="8c84fa94-04c1-424b-9868-57a2d4851a1d" relativeResultsDirectory="a2c7a2b4-efa0-42fc-82e9-3f455528f0b8" />
    <UnitTestResult executionId="c0978281-8150-4194-99d4-a77eb1564e26" testId="94075db8-36aa-5153-80f4-e9dda6d23cb5" testName="UsageMonitor.Core.Tests.ConfigServiceTests.IsSensitiveKey_Matches_Known_Keywords(key: &quot;session_cookie&quot;)" computerName="WATCHINSTONE" duration="00:00:00.0012550" startTime="2026-07-24T23:30:13.4986604+08:00" endTime="2026-07-24T23:30:13.4986606+08:00" testType="13cdc9d9-ddb5-4fa4-a97d-d965ccfc6d4b" outcome="Passed" testListId="8c84fa94-04c1-424b-9868-57a2d4851a1d" relativeResultsDirectory="c0978281-8150-4194-99d4-a77eb1564e26" />
    <UnitTestResult executionId="3c04a09a-1a5c-46fd-a7ea-8b740356e851" testId="e04a8b89-8451-be93-cb2c-ed2c5346b9ee" testName="UsageMonitor.Core.Tests.ChartSdkModelTests.TokenUnit_Format_CompactStyle(value: 1500, expected: &quot;1.5K token&quot;)" computerName="WATCHINSTONE" duration="00:00:00.0000291" startTime="2026-07-24T23:30:13.2814133+08:00" endTime="2026-07-24T23:30:13.2814134+08:00" testType="13cdc9d9-ddb5-4fa4-a97d-d965ccfc6d4b" outcome="Passed" testListId="8c84fa94-04c1-424b-9868-57a2d4851a1d" relativeResultsDirectory="3c04a09a-1a5c-46fd-a7ea-8b740356e851" />
    <UnitTestResult executionId="b04b635a-a2c0-4ca3-9055-9ea88fc2fc6d" testId="6698563b-8c89-43f0-71f9-3961caddd5de" testName="UsageMonitor.Core.Tests.ChartSdkModelTests.LineChartData_ValueEquality" computerName="WATCHINSTONE" duration="00:00:00.0009813" startTime="2026-07-24T23:30:13.2903537+08:00" endTime="2026-07-24T23:30:13.2903539+08:00" testType="13cdc9d9-ddb5-4fa4-a97d-d965ccfc6d4b" outcome="Passed" testListId="8c84fa94-04c1-424b-9868-57a2d4851a1d" relativeResultsDirectory="b04b635a-a2c0-4ca3-9055-9ea88fc2fc6d" />
    <UnitTestResult executionId="e038bad2-dfc8-42bb-8630-c9806fa50db9" testId="2cdaaa3d-148c-fc45-d410-75f84a612269" testName="UsageMonitor.Core.Tests.RefreshServiceTests.RefreshProviderAsync_Unknown_Id_No_Op" computerName="WATCHINSTONE" duration="00:00:00.0008674" startTime="2026-07-24T23:30:13.3296216+08:00" endTime="2026-07-24T23:30:13.3296218+08:00" testType="13cdc9d9-ddb5-4fa4-a97d-d965ccfc6d4b" outcome="Passed" testListId="8c84fa94-04c1-424b-9868-57a2d4851a1d" relativeResultsDirectory="e038bad2-dfc8-42bb-8630-c9806fa50db9" />
    <UnitTestResult executionId="ffece3b3-cb04-44e8-9dab-c131ae8c3fbb" testId="f5a8d8c3-39d9-79b8-1a02-dcab1061613f" testName="UsageMonitor.Core.Tests.CardChartConfigTests.SetCardChartConfiguration_DoesNotMutateInputConfig" computerName="WATCHINSTONE" duration="00:00:00.0138915" startTime="2026-07-24T23:30:13.4264933+08:00" endTime="2026-07-24T23:30:13.4264939+08:00" testType="13cdc9d9-ddb5-4fa4-a97d-d965ccfc6d4b" outcome="Passed" testListId="8c84fa94-04c1-424b-9868-57a2d4851a1d" relativeResultsDirectory="ffece3b3-cb04-44e8-9dab-c131ae8c3fbb" />
    <UnitTestResult executionId="a6857ab2-c347-467a-80ac-717204c07872" testId="d4280650-7780-cf43-e1bd-00988b542802" testName="UsageMonitor.Core.Tests.DeclarativeCaptureExecutorTests.FromUnixMs_ProducesDateTime" computerName="WATCHINSTONE" duration="00:00:00.0174224" startTime="2026-07-24T23:30:13.4110904+08:00" endTime="2026-07-24T23:30:13.4110906+08:00" testType="13cdc9d9-ddb5-4fa4-a97d-d965ccfc6d4b" outcome="Passed" testListId="8c84fa94-04c1-424b-9868-57a2d4851a1d" relativeResultsDirectory="a6857ab2-c347-467a-80ac-717204c07872" />
    <UnitTestResult executionId="dc15f6a6-4126-4076-a935-03e53b9782e2" testId="3834f5c3-5449-44dc-ff98-80efbaa604f0" testName="UsageMonitor.Core.Tests.ConfigServiceConsumerFallbackTests.Real_Save_With_Blocked_Target_Path_Sets_LastSaveError_Without_Throwing" computerName="WATCHINSTONE" duration="00:00:00.0471612" startTime="2026-07-24T23:30:13.5954557+08:00" endTime="2026-07-24T23:30:13.5954565+08:00" testType="13cdc9d9-ddb5-4fa4-a97d-d965ccfc6d4b" outcome="Passed" testListId="8c84fa94-04c1-424b-9868-57a2d4851a1d" relativeResultsDirectory="dc15f6a6-4126-4076-a935-03e53b9782e2" />
    <UnitTestResult executionId="cdf0818d-9756-4140-9401-42a9909c0b7c" testId="2bd5d413-03e0-86d2-2bfc-3bcf3401e09f" testName="UsageMonitor.Core.Tests.ProviderConfigTests.GetValue_Returns_Null_When_Key_Missing" computerName="WATCHINSTONE" duration="00:00:00.0001631" startTime="2026-07-24T23:30:13.2882716+08:00" endTime="2026-07-24T23:30:13.2882717+08:00" testType="13cdc9d9-ddb5-4fa4-a97d-d965ccfc6d4b" outcome="Passed" testListId="8c84fa94-04c1-424b-9868-57a2d4851a1d" relativeResultsDirectory="cdf0818d-9756-4140-9401-42a9909c0b7c" />
    <UnitTestResult executionId="16fb8aa4-5f13-4554-a999-97607c5cc7dd" testId="f89303d7-e687-09fe-b3f1-cd3761f080b4" testName="UsageMonitor.Core.Tests.ChartSdkModelTests.UsageError_Factories_MapToKind" computerName="WATCHINSTONE" duration="00:00:00.0118181" startTime="2026-07-24T23:30:13.2814615+08:00" endTime="2026-07-24T23:30:13.2814615+08:00" testType="13cdc9d9-ddb5-4fa4-a97d-d965ccfc6d4b" outcome="Passed" testListId="8c84fa94-04c1-424b-9868-57a2d4851a1d" relativeResultsDirectory="16fb8aa4-5f13-4554-a999-97607c5cc7dd" />
    <UnitTestResult executionId="a62d72d0-3161-4585-827c-6dc6cac82ada" testId="f98a2d8f-552f-a825-c097-41c76453418d" testName="UsageMonitor.Core.Tests.AccountEntityTests.Account_MakeKey_FormatsAsProviderIdColonAccountId" computerName="WATCHINSTONE" duration="00:00:00.0011865" startTime="2026-07-24T23:30:13.7742324+08:00" endTime="2026-07-24T23:30:13.7742327+08:00" testType="13cdc9d9-ddb5-4fa4-a97d-d965ccfc6d4b" outcome="Passed" testListId="8c84fa94-04c1-424b-9868-57a2d4851a1d" relativeResultsDirectory="a62d72d0-3161-4585-827c-6dc6cac82ada" />
    <UnitTestResult executionId="fd378607-75e4-4d9e-b06c-13d5ec409791" testId="eb401c10-9788-00da-7a74-c199fe07ef29" testName="UsageMonitor.Core.Tests.ConfigServiceTests.IsSensitiveKey_Matches_Known_Keywords(key: &quot;apikey&quot;)" computerName="WATCHINSTONE" duration="00:00:00.0011029" startTime="2026-07-24T23:30:13.4921992+08:00" endTime="2026-07-24T23:30:13.4921994+08:00" testType="13cdc9d9-ddb5-4fa4-a97d-d965ccfc6d4b" outcome="Passed" testListId="8c84fa94-04c1-424b-9868-57a2d4851a1d" relativeResultsDirectory="fd378607-75e4-4d9e-b06c-13d5ec409791" />
    <UnitTestResult executionId="0cb80b0f-210c-4b5b-b9c4-2db2c484c569" testId="c3df2e09-a4b7-bc61-6992-30f25fedb733" testName="UsageMonitor.Core.Tests.ChartSdkModelTests.Quantity_Zero_KeepsUnit" computerName="WATCHINSTONE" duration="00:00:00.0071883" startTime="2026-07-24T23:30:13.2796800+08:00" endTime="2026-07-24T23:30:13.2796800+08:00" testType="13cdc9d9-ddb5-4fa4-a97d-d965ccfc6d4b" outcome="Passed" testListId="8c84fa94-04c1-424b-9868-57a2d4851a1d" relativeResultsDirectory="0cb80b0f-210c-4b5b-b9c4-2db2c484c569" />
    <UnitTestResult executionId="2bc4b468-4a33-4f56-b9e3-9a98dedc6664" testId="bfa13022-3a6d-8923-d2da-c7c15ef24c18" testName="UsageMonitor.Core.Tests.ConfigServiceTests.UpdateProviderConfig_Persists_Config_To_Disk" computerName="WATCHINSTONE" duration="00:00:00.0344651" startTime="2026-07-24T23:30:13.4272940+08:00" endTime="2026-07-24T23:30:13.4272942+08:00" testType="13cdc9d9-ddb5-4fa4-a97d-d965ccfc6d4b" outcome="Passed" testListId="8c84fa94-04c1-424b-9868-57a2d4851a1d" relativeResultsDirectory="2bc4b468-4a33-4f56-b9e3-9a98dedc6664" />
    <UnitTestResult executionId="20ff2cfb-bab0-4553-b631-064a143dbc95" testId="b2094b19-1c65-df18-d8fc-c1dcbfcad505" testName="UsageMonitor.Core.Tests.AccountEntityTests.GetCards_OrdersByDisplayOrder" computerName="WATCHINSTONE" duration="00:00:00.0705628" startTime="2026-07-24T23:30:13.9854973+08:00" endTime="2026-07-24T23:30:13.9854980+08:00" testType="13cdc9d9-ddb5-4fa4-a97d-d965ccfc6d4b" outcome="Passed" testListId="8c84fa94-04c1-424b-9868-57a2d4851a1d" relativeResultsDirectory="20ff2cfb-bab0-4553-b631-064a143dbc95" />
    <UnitTestResult executionId="cf5592c6-4a8e-4dda-9ec9-74873683ea61" testId="ec8282db-367b-102a-fb03-8d90867a5003" testName="UsageMonitor.Core.Tests.ConfigServiceTests.IsSensitiveKey_Matches_Known_Keywords(key: &quot;ApiKey&quot;)" computerName="WATCHINSTONE" duration="00:00:00.0012246" startTime="2026-07-24T23:30:13.5014953+08:00" endTime="2026-07-24T23:30:13.5014961+08:00" testType="13cdc9d9-ddb5-4fa4-a97d-d965ccfc6d4b" outcome="Passed" testListId="8c84fa94-04c1-424b-9868-57a2d4851a1d" relativeResultsDirectory="cf5592c6-4a8e-4dda-9ec9-74873683ea61" />
    <UnitTestResult executionId="bb14ee62-dc69-4ac6-9817-cfc86a412ca8" testId="b1147efd-0298-8ebc-44b6-b417bf4de2f7" testName="UsageMonitor.Core.Tests.ConfigServiceTests.IsSensitiveKey_Does_Not_Match_Regular_Keys(key: &quot;API_KEY&quot;)" computerName="WATCHINSTONE" duration="00:00:00.0008349" startTime="2026-07-24T23:30:13.5072210+08:00" endTime="2026-07-24T23:30:13.5072216+08:00" testType="13cdc9d9-ddb5-4fa4-a97d-d965ccfc6d4b" outcome="Passed" testListId="8c84fa94-04c1-424b-9868-57a2d4851a1d" relativeResultsDirectory="bb14ee62-dc69-4ac6-9817-cfc86a412ca8" />
    <UnitTestResult executionId="fe049067-0519-40fa-a0e6-516aa20ee414" testId="5e010c25-260f-a513-6449-e4b97fbbab70" testName="UsageMonitor.Core.Tests.ConfigServiceTests.UpdateSettings_Applies_Mutator_Under_Lock" computerName="WATCHINSTONE" duration="00:00:00.0017814" startTime="2026-07-24T23:30:13.5117089+08:00" endTime="2026-07-24T23:30:13.5117093+08:00" testType="13cdc9d9-ddb5-4fa4-a97d-d965ccfc6d4b" outcome="Passed" testListId="8c84fa94-04c1-424b-9868-57a2d4851a1d" relativeResultsDirectory="fe049067-0519-40fa-a0e6-516aa20ee414" />
    <UnitTestResult executionId="4ceb5ea8-8980-415b-9f13-78aac3b7202d" testId="43151f17-866e-0b59-1f24-c2a3f5fa4ea6" testName="UsageMonitor.Core.Tests.DeclarativeExtractorTests.JsonPath_MissingPath_IsSkipped" computerName="WATCHINSTONE" duration="00:00:00.0002538" startTime="2026-07-24T23:30:13.2815689+08:00" endTime="2026-07-24T23:30:13.2815690+08:00" testType="13cdc9d9-ddb5-4fa4-a97d-d965ccfc6d4b" outcome="Passed" testListId="8c84fa94-04c1-424b-9868-57a2d4851a1d" relativeResultsDirectory="4ceb5ea8-8980-415b-9f13-78aac3b7202d" />
    <UnitTestResult executionId="83dc79ef-184f-45c7-8fd3-e0c7fcd13046" testId="18609f1e-f4de-ae56-b8a7-7c2e270c4588" testName="UsageMonitor.Core.Tests.PluginManagerTests.GetPlugin_Returns_Registered_Plugin_By_Id" computerName="WATCHINSTONE" duration="00:00:00.0002007" startTime="2026-07-24T23:30:13.2796339+08:00" endTime="2026-07-24T23:30:13.2796339+08:00" testType="13cdc9d9-ddb5-4fa4-a97d-d965ccfc6d4b" outcome="Passed" testListId="8c84fa94-04c1-424b-9868-57a2d4851a1d" relativeResultsDirectory="83dc79ef-184f-45c7-8fd3-e0c7fcd13046" />
    <UnitTestResult executionId="453e443e-0c1a-40a2-9103-d9d94c548f80" testId="3de119fe-51a3-abfc-916d-03972983c9fb" testName="UsageMonitor.Core.Tests.AccountEntityTests.RemoveAccount_NonExistent_NoOp" computerName="WATCHINSTONE" duration="00:00:00.0047984" startTime="2026-07-24T23:30:13.6595725+08:00" endTime="2026-07-24T23:30:13.6595728+08:00" testType="13cdc9d9-ddb5-4fa4-a97d-d965ccfc6d4b" outcome="Passed" testListId="8c84fa94-04c1-424b-9868-57a2d4851a1d" relativeResultsDirectory="453e443e-0c1a-40a2-9103-d9d94c548f80" />
    <UnitTestResult executionId="31640688-a847-4520-ac3c-39a4f39590d8" testId="d085b10e-fa32-1dd6-bbb0-58877bd425ef" testName="UsageMonitor.Core.Tests.ConfigServiceConsumerFallbackTests.Mock_Load_Failure_Consumer_Detects_Error_And_Uses_Defaults" computerName="WATCHINSTONE" duration="00:00:00.0067917" startTime="2026-07-24T23:30:13.5481019+08:00" endTime="2026-07-24T23:30:13.5481022+08:00" testType="13cdc9d9-ddb5-4fa4-a97d-d965ccfc6d4b" outcome="Passed" testListId="8c84fa94-04c1-424b-9868-57a2d4851a1d" relativeResultsDirectory="31640688-a847-4520-ac3c-39a4f39590d8" />
    <UnitTestResult executionId="474ac833-ce32-479e-a74b-34fcc6471685" testId="f4dc449b-7baf-62f2-9947-62953c79497f" testName="UsageMonitor.Core.Tests.CardChartConfigTests.Effective_CopiesTooltipAndMiniFields" computerName="WATCHINSTONE" duration="00:00:00.0024978" startTime="2026-07-24T23:30:13.4292196+08:00" endTime="2026-07-24T23:30:13.4292199+08:00" testType="13cdc9d9-ddb5-4fa4-a97d-d965ccfc6d4b" outcome="Passed" testListId="8c84fa94-04c1-424b-9868-57a2d4851a1d" relativeResultsDirectory="474ac833-ce32-479e-a74b-34fcc6471685" />
    <UnitTestResult executionId="56e48351-02a3-41af-a25c-4d5839d9dca0" testId="e0567d73-cbc4-83f9-9b3b-8331a2b98f3e" testName="UsageMonitor.Core.Tests.ProviderConfigTests.SetValue_Overwrites_Existing_Key" computerName="WATCHINSTONE" duration="00:00:00.0001788" startTime="2026-07-24T23:30:13.2773456+08:00" endTime="2026-07-24T23:30:13.2773456+08:00" testType="13cdc9d9-ddb5-4fa4-a97d-d965ccfc6d4b" outcome="Passed" testListId="8c84fa94-04c1-424b-9868-57a2d4851a1d" relativeResultsDirectory="56e48351-02a3-41af-a25c-4d5839d9dca0" />
    <UnitTestResult executionId="13b723e3-18a1-42a3-8ee2-b39822e073c3" testId="930e3005-8e5e-a245-5cbf-e7692092636d" testName="UsageMonitor.Core.Tests.ChartSdkModelTests.CurrencyUnit_Format_TwoDecimalsWithCode" computerName="WATCHINSTONE" duration="00:00:00.0002553" startTime="2026-07-24T23:30:13.2816589+08:00" endTime="2026-07-24T23:30:13.2816590+08:00" testType="13cdc9d9-ddb5-4fa4-a97d-d965ccfc6d4b" outcome="Passed" testListId="8c84fa94-04c1-424b-9868-57a2d4851a1d" relativeResultsDirectory="13b723e3-18a1-42a3-8ee2-b39822e073c3" />
    <UnitTestResult executionId="c680b83b-4bea-4978-bfd9-00984309d4f6" testId="eff4c33d-86f5-8b63-46b7-5e2775a1ebac" testName="UsageMonitor.Core.Tests.AccountCustomizationMergeTests.Effective_DifferentAccountId_ReturnsSeparateCustomization" computerName="WATCHINSTONE" duration="00:00:00.0018834" startTime="2026-07-24T23:30:13.3225632+08:00" endTime="2026-07-24T23:30:13.3225634+08:00" testType="13cdc9d9-ddb5-4fa4-a97d-d965ccfc6d4b" outcome="Passed" testListId="8c84fa94-04c1-424b-9868-57a2d4851a1d" relativeResultsDirectory="c680b83b-4bea-4978-bfd9-00984309d4f6" />
    <UnitTestResult executionId="7e0c6753-bf06-4065-a404-9addcf0fca4a" testId="e3aeaf2b-a065-5adf-f293-df9b990f2b5f" testName="UsageMonitor.Core.Tests.ConfigServiceTests.IsSensitiveKey_Does_Not_Match_Regular_Keys(key: &quot;UserId&quot;)" computerName="WATCHINSTONE" duration="00:00:00.0007644" startTime="2026-07-24T23:30:13.5080456+08:00" endTime="2026-07-24T23:30:13.5080458+08:00" testType="13cdc9d9-ddb5-4fa4-a97d-d965ccfc6d4b" outcome="Passed" testListId="8c84fa94-04c1-424b-9868-57a2d4851a1d" relativeResultsDirectory="7e0c6753-bf06-4065-a404-9addcf0fca4a" />
    <UnitTestResult executionId="737778ae-22d5-4216-abbb-0a250fd1637f" testId="f458f208-5ba5-9ac2-147b-a1fdd12c9d58" testName="UsageMonitor.Core.Tests.AccountEntityTests.CardConfig_MakeKey_FormatsAsThreeSegment" computerName="WATCHINSTONE" duration="00:00:00.0022300" startTime="2026-07-24T23:30:13.4961210+08:00" endTime="2026-07-24T23:30:13.4961212+08:00" testType="13cdc9d9-ddb5-4fa4-a97d-d965ccfc6d4b" outcome="Passed" testListId="8c84fa94-04c1-424b-9868-57a2d4851a1d" relativeResultsDirectory="737778ae-22d5-4216-abbb-0a250fd1637f" />
    <UnitTestResult executionId="e108d2a7-c646-4c4c-af52-548edbdc19ca" testId="2fd98476-450c-ffad-6579-25dd0af716a4" testName="UsageMonitor.Core.Tests.AccountCustomizationMergeTests.Effective_EmptySettings_ReturnsDefaultEmptyCustomization" computerName="WATCHINSTONE" duration="00:00:00.0046386" startTime="2026-07-24T23:30:13.3205551+08:00" endTime="2026-07-24T23:30:13.3205553+08:00" testType="13cdc9d9-ddb5-4fa4-a97d-d965ccfc6d4b" outcome="Passed" testListId="8c84fa94-04c1-424b-9868-57a2d4851a1d" relativeResultsDirectory="e108d2a7-c646-4c4c-af52-548edbdc19ca" />
    <UnitTestResult executionId="2ef7197c-962a-4047-a1b8-93d5f1a77adc" testId="64cac5a7-a442-28e0-afd0-7479489d5c1f" testName="UsageMonitor.Core.Tests.UsageDataLayerAccountTests.FieldVersionsAndHistory_AreAccountIsolated_AndSeriesQueryable" computerName="WATCHINSTONE" duration="00:00:00.1496336" startTime="2026-07-24T23:30:13.3744348+08:00" endTime="2026-07-24T23:30:13.3744353+08:00" testType="13cdc9d9-ddb5-4fa4-a97d-d965ccfc6d4b" outcome="Passed" testListId="8c84fa94-04c1-424b-9868-57a2d4851a1d" relativeResultsDirectory="2ef7197c-962a-4047-a1b8-93d5f1a77adc" />
    <UnitTestResult executionId="433d572f-9075-4674-ada9-6474921d68df" testId="dec39bd3-2eaf-d334-673d-021cda5d7636" testName="UsageMonitor.Core.Tests.AccountEntityTests.AddAccount_DifferentProviders_Independent" computerName="WATCHINSTONE" duration="00:00:00.0245909" startTime="2026-07-24T23:30:13.8699428+08:00" endTime="2026-07-24T23:30:13.8699434+08:00" testType="13cdc9d9-ddb5-4fa4-a97d-d965ccfc6d4b" outcome="Passed" testListId="8c84fa94-04c1-424b-9868-57a2d4851a1d" relativeResultsDirectory="433d572f-9075-4674-ada9-6474921d68df" />
    <UnitTestResult executionId="23a5390d-e705-4dce-87b2-78def8c7d3b1" testId="32fd84eb-6709-e81d-c874-1d6422ea3325" testName="UsageMonitor.Core.Tests.ChartSdkModelTests.UsageInfo_GetRemainingAmount_NonNegative" computerName="WATCHINSTONE" duration="00:00:00.0006565" startTime="2026-07-24T23:30:13.2823463+08:00" endTime="2026-07-24T23:30:13.2823466+08:00" testType="13cdc9d9-ddb5-4fa4-a97d-d965ccfc6d4b" outcome="Passed" testListId="8c84fa94-04c1-424b-9868-57a2d4851a1d" relativeResultsDirectory="23a5390d-e705-4dce-87b2-78def8c7d3b1" />
    <UnitTestResult executionId="47c5599a-2dce-4ab7-b431-ab820cbd7529" testId="d5810187-d146-1238-8a2f-27d4a344be72" testName="UsageMonitor.Core.Tests.PluginManagerTests.GetEnabledPlugins_Returns_Snapshot" computerName="WATCHINSTONE" duration="00:00:00.0003016" startTime="2026-07-24T23:30:13.2774993+08:00" endTime="2026-07-24T23:30:13.2774994+08:00" testType="13cdc9d9-ddb5-4fa4-a97d-d965ccfc6d4b" outcome="Passed" testListId="8c84fa94-04c1-424b-9868-57a2d4851a1d" relativeResultsDirectory="47c5599a-2dce-4ab7-b431-ab820cbd7529" />
    <UnitTestResult executionId="0b2f5691-7eae-4f24-8020-30bbbc5e13d2" testId="77192334-e8fe-d1c6-08cb-7a85fc0ad181" testName="UsageMonitor.Core.Tests.AccountEntityTests.ReorderCards_UpdatesDisplayOrder" computerName="WATCHINSTONE" duration="00:00:00.1250009" startTime="2026-07-24T23:30:13.6212699+08:00" endTime="2026-07-24T23:30:13.6212704+08:00" testType="13cdc9d9-ddb5-4fa4-a97d-d965ccfc6d4b" outcome="Passed" testListId="8c84fa94-04c1-424b-9868-57a2d4851a1d" relativeResultsDirectory="0b2f5691-7eae-4f24-8020-30bbbc5e13d2" />
    <UnitTestResult executionId="66826d9d-3758-4694-a871-2fe72c31229e" testId="f8a5b3fa-7055-e61a-81b9-d24b81f17446" testName="UsageMonitor.Core.Tests.PluginManagerTests.Concurrent_Register_And_Get_Does_Not_Throw" computerName="WATCHINSTONE" duration="00:00:00.0258742" startTime="2026-07-24T23:30:13.2851971+08:00" endTime="2026-07-24T23:30:13.2851972+08:00" testType="13cdc9d9-ddb5-4fa4-a97d-d965ccfc6d4b" outcome="Passed" testListId="8c84fa94-04c1-424b-9868-57a2d4851a1d" relativeResultsDirectory="66826d9d-3758-4694-a871-2fe72c31229e" />
    <UnitTestResult executionId="7ffd27b7-f8b7-4453-8ca2-30b445ec8014" testId="4d38eb89-b00b-ee90-7039-a58a93c97721" testName="UsageMonitor.Core.Tests.CardChartConfigTests.SetCardChartConfiguration_PersistsVisibleChartsAndDataGroups" computerName="WATCHINSTONE" duration="00:00:00.0352442" startTime="2026-07-24T23:30:13.4124529+08:00" endTime="2026-07-24T23:30:13.4124531+08:00" testType="13cdc9d9-ddb5-4fa4-a97d-d965ccfc6d4b" outcome="Passed" testListId="8c84fa94-04c1-424b-9868-57a2d4851a1d" relativeResultsDirectory="7ffd27b7-f8b7-4453-8ca2-30b445ec8014" />
    <UnitTestResult executionId="1da26dab-71ee-4b86-854e-1be7970e45e2" testId="ac9a04d5-bf16-1c84-8639-0d865b6ecaa3" testName="UsageMonitor.Core.Tests.ChartSdkModelTests.TokenUnit_Format_CompactStyle(value: 500, expected: &quot;500 token&quot;)" computerName="WATCHINSTONE" duration="00:00:00.0017489" startTime="2026-07-24T23:30:13.2805479+08:00" endTime="2026-07-24T23:30:13.2805480+08:00" testType="13cdc9d9-ddb5-4fa4-a97d-d965ccfc6d4b" outcome="Passed" testListId="8c84fa94-04c1-424b-9868-57a2d4851a1d" relativeResultsDirectory="1da26dab-71ee-4b86-854e-1be7970e45e2" />
    <UnitTestResult executionId="96e05907-f499-4f56-a16c-d57945d7e23a" testId="227c77a4-1b88-bee9-95c7-9f0f6fa22378" testName="UsageMonitor.Core.Tests.ConfigServiceConsumerFallbackTests.Mock_Load_Throws_Consumer_Swallows_Exception_And_Reads_Defaults" computerName="WATCHINSTONE" duration="00:00:00.0133040" startTime="2026-07-24T23:30:13.5342273+08:00" endTime="2026-07-24T23:30:13.5342277+08:00" testType="13cdc9d9-ddb5-4fa4-a97d-d965ccfc6d4b" outcome="Passed" testListId="8c84fa94-04c1-424b-9868-57a2d4851a1d" relativeResultsDirectory="96e05907-f499-4f56-a16c-d57945d7e23a" />
    <UnitTestResult executionId="a96d2f6f-6c83-49b0-84ce-cc4fff89e935" testId="ce9704fd-b55c-95b6-bde3-dbf06a20b2f4" testName="UsageMonitor.Core.Tests.DeclarativeExtractorTests.JsonPath_StringWithThousandsSeparator_ParsesNumber" computerName="WATCHINSTONE" duration="00:00:00.0007600" startTime="2026-07-24T23:30:13.2806420+08:00" endTime="2026-07-24T23:30:13.2806421+08:00" testType="13cdc9d9-ddb5-4fa4-a97d-d965ccfc6d4b" outcome="Passed" testListId="8c84fa94-04c1-424b-9868-57a2d4851a1d" relativeResultsDirectory="a96d2f6f-6c83-49b0-84ce-cc4fff89e935" />
    <UnitTestResult executionId="44b706fc-2422-483d-b807-ee43cf92a1b9" testId="3c60d6c5-575f-9089-cede-614b41d53292" testName="UsageMonitor.Core.Tests.DeclarativeCaptureExecutorTests.ParseFormattedToken_RestoresRawLong" computerName="WATCHINSTONE" duration="00:00:00.0035513" startTime="2026-07-24T23:30:13.3935369+08:00" endTime="2026-07-24T23:30:13.3935370+08:00" testType="13cdc9d9-ddb5-4fa4-a97d-d965ccfc6d4b" outcome="Passed" testListId="8c84fa94-04c1-424b-9868-57a2d4851a1d" relativeResultsDirectory="44b706fc-2422-483d-b807-ee43cf92a1b9" />
    <UnitTestResult executionId="5630310a-32db-4db3-bbcb-cfb7e1db3226" testId="0494e2d1-2b8b-f24d-b76d-071930ec5e5a" testName="UsageMonitor.Core.Tests.UsageHistoryStoreAddErrorPointTests.AddPoint_AfterError_UpdatesLastPercentForSubsequentErrors" computerName="WATCHINSTONE" duration="00:00:00.0005262" startTime="2026-07-24T23:30:13.2774550+08:00" endTime="2026-07-24T23:30:13.2774551+08:00" testType="13cdc9d9-ddb5-4fa4-a97d-d965ccfc6d4b" outcome="Passed" testListId="8c84fa94-04c1-424b-9868-57a2d4851a1d" relativeResultsDirectory="5630310a-32db-4db3-bbcb-cfb7e1db3226" />
    <UnitTestResult executionId="678d046d-e5c1-46b4-9a4b-6ed67d833d12" testId="581e844b-a6eb-572a-da46-c5f8bfe70703" testName="UsageMonitor.Core.Tests.CardChartConfigTests.Effective_CopiesVisibleDataGroupsAndDataGroupOrders" computerName="WATCHINSTONE" duration="00:00:00.0023120" startTime="2026-07-24T23:30:13.4618553+08:00" endTime="2026-07-24T23:30:13.4618557+08:00" testType="13cdc9d9-ddb5-4fa4-a97d-d965ccfc6d4b" outcome="Passed" testListId="8c84fa94-04c1-424b-9868-57a2d4851a1d" relativeResultsDirectory="678d046d-e5c1-46b4-9a4b-6ed67d833d12" />
    <UnitTestResult executionId="e3bb5939-0274-429a-a52a-474ade7ec201" testId="6478a4d4-808a-c03e-2565-3c82aa52c818" testName="UsageMonitor.Core.Tests.AccountEntityTests.RemoveAccount_SecondAccount_Succeeds_AndCleansLoginState" computerName="WATCHINSTONE" duration="00:00:00.0276325" startTime="2026-07-24T23:30:13.8977289+08:00" endTime="2026-07-24T23:30:13.8977294+08:00" testType="13cdc9d9-ddb5-4fa4-a97d-d965ccfc6d4b" outcome="Passed" testListId="8c84fa94-04c1-424b-9868-57a2d4851a1d" relativeResultsDirectory="e3bb5939-0274-429a-a52a-474ade7ec201" />
    <UnitTestResult executionId="aaaca388-6d85-4856-933d-9c2d45ad5547" testId="474c1d1c-eeb7-f66e-bcc3-0b7379eca27e" testName="UsageMonitor.Core.Tests.AccountEntityTests.UpdateCard_ModifiesExisting" computerName="WATCHINSTONE" duration="00:00:00.0486968" startTime="2026-07-24T23:30:14.0343829+08:00" endTime="2026-07-24T23:30:14.0343833+08:00" testType="13cdc9d9-ddb5-4fa4-a97d-d965ccfc6d4b" outcome="Passed" testListId="8c84fa94-04c1-424b-9868-57a2d4851a1d" relativeResultsDirectory="aaaca388-6d85-4856-933d-9c2d45ad5547" />
    <UnitTestResult executionId="71884601-57e6-44de-b1a4-0447fee52896" testId="8d0a15e4-34cf-1c45-1e66-69ea01101400" testName="UsageMonitor.Core.Tests.ProviderConfigTests.Validate_Required_Field_Missing_Returns_False" computerName="WATCHINSTONE" duration="00:00:00.0015667" startTime="2026-07-24T23:30:13.2793909+08:00" endTime="2026-07-24T23:30:13.2793909+08:00" testType="13cdc9d9-ddb5-4fa4-a97d-d965ccfc6d4b" outcome="Passed" testListId="8c84fa94-04c1-424b-9868-57a2d4851a1d" relativeResultsDirectory="71884601-57e6-44de-b1a4-0447fee52896" />
    <UnitTestResult executionId="7e624f8d-37cf-42c2-b443-e50dc1894ca6" testId="922f85fd-4b03-9210-a1fa-1e1a78c3418b" testName="UsageMonitor.Core.Tests.ConfigServiceTests.Load_Normalizes_TriggerRect_With_Zero_Size_To_Default" computerName="WATCHINSTONE" duration="00:00:00.0047409" startTime="2026-07-24T23:30:13.5226718+08:00" endTime="2026-07-24T23:30:13.5226722+08:00" testType="13cdc9d9-ddb5-4fa4-a97d-d965ccfc6d4b" outcome="Passed" testListId="8c84fa94-04c1-424b-9868-57a2d4851a1d" relativeResultsDirectory="7e624f8d-37cf-42c2-b443-e50dc1894ca6" />
    <UnitTestResult executionId="fead805d-c1ac-4553-8be2-8e799351529f" testId="6d764c1a-670d-9a22-0687-d6d881e30ab0" testName="UsageMonitor.Core.Tests.CardChartConfigTests.SetMiniChartConfiguration_PersistsVisibleMiniCharts" computerName="WATCHINSTONE" duration="00:00:00.1294546" startTime="2026-07-24T23:30:13.3770872+08:00" endTime="2026-07-24T23:30:13.3770873+08:00" testType="13cdc9d9-ddb5-4fa4-a97d-d965ccfc6d4b" outcome="Passed" testListId="8c84fa94-04c1-424b-9868-57a2d4851a1d" relativeResultsDirectory="fead805d-c1ac-4553-8be2-8e799351529f" />
    <UnitTestResult executionId="6290b26c-22c9-4efa-823c-0c91601f9a9c" testId="defa1ba1-c4ae-19aa-4c16-63f2003a0b39" testName="UsageMonitor.Core.Tests.AccountEntityTests.LoginStateInfo_RemainsTwoSegment_NotAffectedByCardId" computerName="WATCHINSTONE" duration="00:00:00.0521752" startTime="2026-07-24T23:30:13.7432242+08:00" endTime="2026-07-24T23:30:13.7432246+08:00" testType="13cdc9d9-ddb5-4fa4-a97d-d965ccfc6d4b" outcome="Passed" testListId="8c84fa94-04c1-424b-9868-57a2d4851a1d" relativeResultsDirectory="6290b26c-22c9-4efa-823c-0c91601f9a9c" />
    <UnitTestResult executionId="ac2bb230-8895-4db9-9461-5dc177b66548" testId="979fd177-715e-4027-4ffb-6fe9b2962f02" testName="UsageMonitor.Core.Tests.ChartSdkModelTests.Quantity_DisplaySuffix_Appended" computerName="WATCHINSTONE" duration="00:00:00.0019161" startTime="2026-07-24T23:30:13.2804477+08:00" endTime="2026-07-24T23:30:13.2804478+08:00" testType="13cdc9d9-ddb5-4fa4-a97d-d965ccfc6d4b" outcome="Passed" testListId="8c84fa94-04c1-424b-9868-57a2d4851a1d" relativeResultsDirectory="ac2bb230-8895-4db9-9461-5dc177b66548" />
    <UnitTestResult executionId="417b6077-222f-4e6e-95a1-94d107d92683" testId="b86a3c64-d596-4cb0-ce2a-080ae8e19a1a" testName="UsageMonitor.Core.Tests.AccountEntityTests.AccountCustomization_NewFields_DefaultToEmpty" computerName="WATCHINSTONE" duration="00:00:00.0012288" startTime="2026-07-24T23:30:13.7729481+08:00" endTime="2026-07-24T23:30:13.7729485+08:00" testType="13cdc9d9-ddb5-4fa4-a97d-d965ccfc6d4b" outcome="Passed" testListId="8c84fa94-04c1-424b-9868-57a2d4851a1d" relativeResultsDirectory="417b6077-222f-4e6e-95a1-94d107d92683" />
    <UnitTestResult executionId="bd421dc6-086b-412b-a47a-6ed42867ca71" testId="0965335f-eff2-79fc-2d32-e8cda20ef4cb" testName="UsageMonitor.Core.Tests.ConfigServiceConsumerFallbackTests.Real_After_Load_Failure_Consumer_Can_Still_Update_And_Save" computerName="WATCHINSTONE" duration="00:00:00.0363213" startTime="2026-07-24T23:30:13.4193801+08:00" endTime="2026-07-24T23:30:13.4193803+08:00" testType="13cdc9d9-ddb5-4fa4-a97d-d965ccfc6d4b" outcome="Passed" testListId="8c84fa94-04c1-424b-9868-57a2d4851a1d" relativeResultsDirectory="bd421dc6-086b-412b-a47a-6ed42867ca71" />
    <UnitTestResult executionId="a26227c5-f7bd-466d-a54f-68f97595cfe5" testId="2ed59465-6d0b-1c9c-c2f9-eee179eb297f" testName="UsageMonitor.Core.Tests.PluginManagerTests.GetPlugin_Returns_Null_For_Unknown_Id" computerName="WATCHINSTONE" duration="00:00:00.0003905" startTime="2026-07-24T23:30:13.2775422+08:00" endTime="2026-07-24T23:30:13.2775422+08:00" testType="13cdc9d9-ddb5-4fa4-a97d-d965ccfc6d4b" outcome="Passed" testListId="8c84fa94-04c1-424b-9868-57a2d4851a1d" relativeResultsDirectory="a26227c5-f7bd-466d-a54f-68f97595cfe5" />
    <UnitTestResult executionId="9dcfa9b9-b5b1-42fd-beb0-85e2177dd485" testId="a11ac4fa-28c2-8036-4653-d427d800e1ec" testName="UsageMonitor.Core.Tests.RefreshServiceTests.RefreshAllAsync_One_Provider_Throws_Others_Still_Refresh" computerName="WATCHINSTONE" duration="00:00:00.0009782" startTime="2026-07-24T23:30:14.3389957+08:00" endTime="2026-07-24T23:30:14.3389960+08:00" testType="13cdc9d9-ddb5-4fa4-a97d-d965ccfc6d4b" outcome="Passed" testListId="8c84fa94-04c1-424b-9868-57a2d4851a1d" relativeResultsDirectory="9dcfa9b9-b5b1-42fd-beb0-85e2177dd485" />
[...]
    <TestEntry testId="405e9511-dfaf-ddfc-fef0-74dece9be744" executionId="17bc5bf1-f2d7-447e-a5e3-fb6a51f34a97" testListId="8c84fa94-04c1-424b-9868-57a2d4851a1d" />
    <TestEntry testId="18555e39-ec93-f334-0e00-277ec1bc65af" executionId="59b57d25-2758-4e08-95d2-6baa2c794051" testListId="8c84fa94-04c1-424b-9868-57a2d4851a1d" />
    <TestEntry testId="8eb4fe7b-8a43-a92e-f941-3b7d925676d0" executionId="c6f42a09-8abe-45e7-90fd-6708372affd6" testListId="8c84fa94-04c1-424b-9868-57a2d4851a1d" />
    <TestEntry testId="11ea06f4-2869-17a5-5fd7-52558e23be6f" executionId="83376056-8df8-4eb3-9f6c-bf5ee301d5b6" testListId="8c84fa94-04c1-424b-9868-57a2d4851a1d" />
    <TestEntry testId="b13e5cae-bb32-1219-f280-ea276e5c5e8a" executionId="53bbabc0-d9a0-4196-83a5-f940f3dc3af8" testListId="8c84fa94-04c1-424b-9868-57a2d4851a1d" />
    <TestEntry testId="b021fb01-d232-b0ac-3869-2803214d359e" executionId="183fbd7a-4154-4a01-ac20-a0c0a4e2cc02" testListId="8c84fa94-04c1-424b-9868-57a2d4851a1d" />
    <TestEntry testId="541861df-b022-5b7f-bdac-fbdcccc6aa4a" executionId="6b91fb73-e30d-40d8-addb-56429f9dd826" testListId="8c84fa94-04c1-424b-9868-57a2d4851a1d" />
    <TestEntry testId="16041c9f-7ae8-5e0e-5f5e-55e87e37e16a" executionId="5312adcd-5f49-4e70-a040-066816c2aa3e" testListId="8c84fa94-04c1-424b-9868-57a2d4851a1d" />
    <TestEntry testId="d6052d69-37ed-4c74-0176-9ab94f8c9b7a" executionId="66841c0c-cd47-4a40-96ec-b3993180331a" testListId="8c84fa94-04c1-424b-9868-57a2d4851a1d" />
    <TestEntry testId="428c76bb-dae5-5a5a-83bb-cff60ecbcc86" executionId="88af33d9-a06b-44bc-8d7e-6d4c1e636707" testListId="8c84fa94-04c1-424b-9868-57a2d4851a1d" />
    <TestEntry testId="bd7892ac-8baa-11ea-10fb-f4309cf6f1a3" executionId="d1ac50a5-9204-4393-a8b4-8e83b8272d1d" testListId="8c84fa94-04c1-424b-9868-57a2d4851a1d" />
    <TestEntry testId="e87d8c28-eead-f297-a46e-6d1d1bfb4228" executionId="8125bea6-fbe1-48f7-b8b9-b83a3e45291b" testListId="8c84fa94-04c1-424b-9868-57a2d4851a1d" />
    <TestEntry testId="0ae1b066-218e-72f2-ed1a-6eeb48be686f" executionId="8d816c90-e111-441e-89fd-fdc631443570" testListId="8c84fa94-04c1-424b-9868-57a2d4851a1d" />
    <TestEntry testId="b87d0eec-1f03-ee11-9529-643334b3ffe6" executionId="397b82bc-edd3-4903-a7d3-e6d68076cbbb" testListId="8c84fa94-04c1-424b-9868-57a2d4851a1d" />
    <TestEntry testId="d2b3aa77-08fd-1ec9-0423-8a71d9740894" executionId="413fc9b7-6998-4e05-817d-98a939e9728f" testListId="8c84fa94-04c1-424b-9868-57a2d4851a1d" />
    <TestEntry testId="6ca98370-d7c0-4e6c-2d85-17c8643fce17" executionId="1226b4b4-7427-4573-91a0-f4666a8c9206" testListId="8c84fa94-04c1-424b-9868-57a2d4851a1d" />
    <TestEntry testId="00babaf8-bca2-9c3e-5b6f-eef761cb8fea" executionId="9f84b149-d47c-4ebb-9a3c-42be747675dd" testListId="8c84fa94-04c1-424b-9868-57a2d4851a1d" />
    <TestEntry testId="a13fb0ae-e03a-9e35-27e5-90a8793c0352" executionId="e42d6b21-f27c-49f2-8b5c-64861152529e" testListId="8c84fa94-04c1-424b-9868-57a2d4851a1d" />
    <TestEntry testId="542e8e5e-91fe-53c6-00fa-f3cc280c0504" executionId="a2333b44-e0c5-478d-8ae0-6f787c3f6ba1" testListId="8c84fa94-04c1-424b-9868-57a2d4851a1d" />
    <TestEntry testId="9b599309-9f78-ef12-97b6-2b069e2ce057" executionId="bd25f0d6-ee19-4d3e-9540-10fefc7f3a4b" testListId="8c84fa94-04c1-424b-9868-57a2d4851a1d" />
    <TestEntry testId="bdd7f1a1-ee46-3db8-e726-1224a1e4ce51" executionId="b5e2cfdd-8dcb-43f7-8c1e-6f52647a1a9a" testListId="8c84fa94-04c1-424b-9868-57a2d4851a1d" />
    <TestEntry testId="07d6612b-b563-0e66-1921-2ae4248d39f5" executionId="92c16001-78dc-47ff-b294-76e746fa4ff1" testListId="8c84fa94-04c1-424b-9868-57a2d4851a1d" />
    <TestEntry testId="f7bc89fa-aefe-c91c-d2b4-616b260da657" executionId="fc52ccbc-b4eb-493a-8576-2229ee548a90" testListId="8c84fa94-04c1-424b-9868-57a2d4851a1d" />
    <TestEntry testId="373df68a-483f-c39c-d2dd-371d7ac3b6e5" executionId="ca2aa836-9808-4c00-a585-50c91a6a7e34" testListId="8c84fa94-04c1-424b-9868-57a2d4851a1d" />
    <TestEntry testId="098e5cd0-16bc-c80f-6ada-ba3206189af0" executionId="f913f2cb-813e-4340-9275-d9b3d27ce8fe" testListId="8c84fa94-04c1-424b-9868-57a2d4851a1d" />
    <TestEntry testId="6748340d-1ff9-8203-2830-3dde378233e0" executionId="c6b31b1f-50f3-4886-85d6-7129489a3ebe" testListId="8c84fa94-04c1-424b-9868-57a2d4851a1d" />
    <TestEntry testId="f56b833a-bfcd-f477-0ac3-e5239dd12d40" executionId="fa3a71b1-f404-4dde-9394-0933a121fff4" testListId="8c84fa94-04c1-424b-9868-57a2d4851a1d" />
    <TestEntry testId="3594beb9-696c-8a04-4960-90d8a9818039" executionId="7ddddcb4-5bf2-474e-85e1-457dd345da60" testListId="8c84fa94-04c1-424b-9868-57a2d4851a1d" />
    <TestEntry testId="69ca04dc-c255-fe24-80ce-9aa4ad072a52" executionId="2cd30e58-72c6-4665-9b6d-677e5b3bf582" testListId="8c84fa94-04c1-424b-9868-57a2d4851a1d" />
    <TestEntry testId="4d249564-66a2-3c45-9488-76eeeb92d15f" executionId="120b1c82-466e-4c89-baa7-fea1d4376be4" testListId="8c84fa94-04c1-424b-9868-57a2d4851a1d" />
    <TestEntry testId="f557bc84-8226-a7cb-2855-ee1d37f339a7" executionId="018c819e-b3c8-494d-ac7b-37e27b58f76a" testListId="8c84fa94-04c1-424b-9868-57a2d4851a1d" />
    <TestEntry testId="b071c9c6-1d6c-d0e4-3e5e-ff07da6a88d3" executionId="85603e5f-0d61-4ff1-93a5-6a2ddd909220" testListId="8c84fa94-04c1-424b-9868-57a2d4851a1d" />
    <TestEntry testId="26242098-e95e-2bf4-ee08-a4dd715f7da9" executionId="c0a50e91-ae46-4a6b-917e-8b4926940a89" testListId="8c84fa94-04c1-424b-9868-57a2d4851a1d" />
    <TestEntry testId="56305352-3c05-7690-416d-48a43d543e45" executionId="43050d48-82b8-4d5d-bef8-3896e616c052" testListId="8c84fa94-04c1-424b-9868-57a2d4851a1d" />
    <TestEntry testId="f0efbbdf-1505-89b9-ddb5-5f858fbf3acf" executionId="637940ea-b2b4-4605-a945-f269be9dbc71" testListId="8c84fa94-04c1-424b-9868-57a2d4851a1d" />
    <TestEntry testId="c822a390-5834-6562-e956-6fc7ab408dec" executionId="24a7d01b-5a1e-4d17-acd7-8e1101d16162" testListId="8c84fa94-04c1-424b-9868-57a2d4851a1d" />
    <TestEntry testId="97a9b2a8-a25b-0ffd-0d73-610a81f297c2" executionId="66a024c5-d60b-4263-97c0-25d554773883" testListId="8c84fa94-04c1-424b-9868-57a2d4851a1d" />
    <TestEntry testId="2555d8d3-61e0-58a3-c293-755db97084b8" executionId="e8b5e67e-1811-4b09-8caa-846a1c696982" testListId="8c84fa94-04c1-424b-9868-57a2d4851a1d" />
    <TestEntry testId="2e06a9e1-4a90-3b23-d420-a6ae28b857a0" executionId="eebf39c7-f552-469a-97bb-6602ebbb1dac" testListId="8c84fa94-04c1-424b-9868-57a2d4851a1d" />
    <TestEntry testId="3a0e4eec-16a7-5092-6481-0a8eb5e88cca" executionId="f5b4fb54-dc75-44c3-96b9-a62e284441eb" testListId="8c84fa94-04c1-424b-9868-57a2d4851a1d" />
    <TestEntry testId="dab0f4fa-a8a3-0b6e-590a-f1f9598e4a93" executionId="c9c2ab8a-ff66-4a2a-93d4-39a250700ce3" testListId="8c84fa94-04c1-424b-9868-57a2d4851a1d" />
    <TestEntry testId="0b440dab-322e-79dc-fa2e-399feed20162" executionId="67f9ccba-f071-4cd7-8c07-f20220986a11" testListId="8c84fa94-04c1-424b-9868-57a2d4851a1d" />
    <TestEntry testId="eae41b27-6840-85ee-2b01-ecbfc1f3e29b" executionId="d54a2d7f-a379-4bf4-855d-18bb429329de" testListId="8c84fa94-04c1-424b-9868-57a2d4851a1d" />
    <TestEntry testId="c0c0d228-0e1f-4f77-18b3-61b81b3a7bec" executionId="64ea088f-97bb-4345-b41d-4322bf216674" testListId="8c84fa94-04c1-424b-9868-57a2d4851a1d" />
    <TestEntry testId="e7a36553-8192-1016-f36c-979fe8121dd0" executionId="3d598263-a4ba-4541-ad36-2adeb3419501" testListId="8c84fa94-04c1-424b-9868-57a2d4851a1d" />
    <TestEntry testId="71e35040-cd10-5f39-a75c-f767ba4461fb" executionId="77fe8112-11b0-4739-bf9b-5d766912ba32" testListId="8c84fa94-04c1-424b-9868-57a2d4851a1d" />
    <TestEntry testId="76958e70-7955-28b4-9b4f-64bea6ebe520" executionId="594912d8-c6ad-4d3f-9696-80d9f09ce9b4" testListId="8c84fa94-04c1-424b-9868-57a2d4851a1d" />
    <TestEntry testId="3871fb7f-30fd-3dc3-0d61-0cc7cc9b8184" executionId="f547cec1-6e3a-4604-b56b-50627fb6928b" testListId="8c84fa94-04c1-424b-9868-57a2d4851a1d" />
    <TestEntry testId="b2a5fc70-2e70-6f23-c309-87b173fb7e79" executionId="151efaaa-b174-4072-98aa-3730efb619f1" testListId="8c84fa94-04c1-424b-9868-57a2d4851a1d" />
    <TestEntry testId="f5f93e19-7b5c-4823-4e1c-f2f5da5b6a26" executionId="6f629813-d073-4de1-b1a9-ea1f288cb56b" testListId="8c84fa94-04c1-424b-9868-57a2d4851a1d" />
    <TestEntry testId="9e7e1e11-da2f-79c2-38cd-6a26aa935bb4" executionId="a2cc962d-c441-4507-8922-027220f0a1ca" testListId="8c84fa94-04c1-424b-9868-57a2d4851a1d" />
    <TestEntry testId="b05a7975-7aa8-c23e-861e-924fdc3610cc" executionId="092365d8-7fdc-41aa-b49a-446b3fd039f3" testListId="8c84fa94-04c1-424b-9868-57a2d4851a1d" />
    <TestEntry testId="7cf5ea3a-24bc-8c2c-41f6-9c470d5c6551" executionId="beae0da0-9cf4-4267-be63-8d964959cb7c" testListId="8c84fa94-04c1-424b-9868-57a2d4851a1d" />
    <TestEntry testId="4bc050c9-4fc5-d139-d5f7-eda3a7e156dc" executionId="3a3cb989-a507-4bf2-99b8-15ff36abb5af" testListId="8c84fa94-04c1-424b-9868-57a2d4851a1d" />
    <TestEntry testId="4eff32f3-2828-b48e-142a-b510447bc143" executionId="c619426f-6cc5-4ea3-bf73-fdac0c584b37" testListId="8c84fa94-04c1-424b-9868-57a2d4851a1d" />
    <TestEntry testId="9e0bb2b7-5c48-6c4b-ab7a-2f3636e2c950" executionId="8638c86e-3b0c-4e5f-aac0-2245d31f9147" testListId="8c84fa94-04c1-424b-9868-57a2d4851a1d" />
    <TestEntry testId="b65aa967-8252-37aa-52cc-58b8fd5b77d1" executionId="9e08d301-6e4c-4635-b957-bce62e502a54" testListId="8c84fa94-04c1-424b-9868-57a2d4851a1d" />
    <TestEntry testId="cb42aa29-6337-bfee-7ddb-2cdd07e695da" executionId="0dcc4d19-48fb-46af-86b8-bb324e1774c9" testListId="8c84fa94-04c1-424b-9868-57a2d4851a1d" />
    <TestEntry testId="e5e9562b-ac2f-5754-47cf-eedd02b4a5fe" executionId="1efdbc32-ffdc-4fe4-ab28-b55b50766cdc" testListId="8c84fa94-04c1-424b-9868-57a2d4851a1d" />
    <TestEntry testId="dada249e-098a-3484-f7d0-60dc316ad50d" executionId="d8d234c6-5a0f-4702-bad6-7fbf49a786b0" testListId="8c84fa94-04c1-424b-9868-57a2d4851a1d" />
    <TestEntry testId="fa787f70-fc04-ca57-f3ba-1306f9e5b837" executionId="d7f8dfb6-0c82-415f-ad55-a6e5bcf8857e" testListId="8c84fa94-04c1-424b-9868-57a2d4851a1d" />
    <TestEntry testId="7c7e3ef3-2c07-50a5-a0e8-8a4f0d170003" executionId="a2c7a2b4-efa0-42fc-82e9-3f455528f0b8" testListId="8c84fa94-04c1-424b-9868-57a2d4851a1d" />
    <TestEntry testId="94075db8-36aa-5153-80f4-e9dda6d23cb5" executionId="c0978281-8150-4194-99d4-a77eb1564e26" testListId="8c84fa94-04c1-424b-9868-57a2d4851a1d" />
    <TestEntry testId="e04a8b89-8451-be93-cb2c-ed2c5346b9ee" executionId="3c04a09a-1a5c-46fd-a7ea-8b740356e851" testListId="8c84fa94-04c1-424b-9868-57a2d4851a1d" />
    <TestEntry testId="6698563b-8c89-43f0-71f9-3961caddd5de" executionId="b04b635a-a2c0-4ca3-9055-9ea88fc2fc6d" testListId="8c84fa94-04c1-424b-9868-57a2d4851a1d" />
    <TestEntry testId="2cdaaa3d-148c-fc45-d410-75f84a612269" executionId="e038bad2-dfc8-42bb-8630-c9806fa50db9" testListId="8c84fa94-04c1-424b-9868-57a2d4851a1d" />
    <TestEntry testId="f5a8d8c3-39d9-79b8-1a02-dcab1061613f" executionId="ffece3b3-cb04-44e8-9dab-c131ae8c3fbb" testListId="8c84fa94-04c1-424b-9868-57a2d4851a1d" />
    <TestEntry testId="d4280650-7780-cf43-e1bd-00988b542802" executionId="a6857ab2-c347-467a-80ac-717204c07872" testListId="8c84fa94-04c1-424b-9868-57a2d4851a1d" />
    <TestEntry testId="3834f5c3-5449-44dc-ff98-80efbaa604f0" executionId="dc15f6a6-4126-4076-a935-03e53b9782e2" testListId="8c84fa94-04c1-424b-9868-57a2d4851a1d" />
    <TestEntry testId="2bd5d413-03e0-86d2-2bfc-3bcf3401e09f" executionId="cdf0818d-9756-4140-9401-42a9909c0b7c" testListId="8c84fa94-04c1-424b-9868-57a2d4851a1d" />
    <TestEntry testId="f89303d7-e687-09fe-b3f1-cd3761f080b4" executionId="16fb8aa4-5f13-4554-a999-97607c5cc7dd" testListId="8c84fa94-04c1-424b-9868-57a2d4851a1d" />
    <TestEntry testId="f98a2d8f-552f-a825-c097-41c76453418d" executionId="a62d72d0-3161-4585-827c-6dc6cac82ada" testListId="8c84fa94-04c1-424b-9868-57a2d4851a1d" />
    <TestEntry testId="eb401c10-9788-00da-7a74-c199fe07ef29" executionId="fd378607-75e4-4d9e-b06c-13d5ec409791" testListId="8c84fa94-04c1-424b-9868-57a2d4851a1d" />
    <TestEntry testId="c3df2e09-a4b7-bc61-6992-30f25fedb733" executionId="0cb80b0f-210c-4b5b-b9c4-2db2c484c569" testListId="8c84fa94-04c1-424b-9868-57a2d4851a1d" />
    <TestEntry testId="bfa13022-3a6d-8923-d2da-c7c15ef24c18" executionId="2bc4b468-4a33-4f56-b9e3-9a98dedc6664" testListId="8c84fa94-04c1-424b-9868-57a2d4851a1d" />
    <TestEntry testId="b2094b19-1c65-df18-d8fc-c1dcbfcad505" executionId="20ff2cfb-bab0-4553-b631-064a143dbc95" testListId="8c84fa94-04c1-424b-9868-57a2d4851a1d" />
    <TestEntry testId="ec8282db-367b-102a-fb03-8d90867a5003" executionId="cf5592c6-4a8e-4dda-9ec9-74873683ea61" testListId="8c84fa94-04c1-424b-9868-57a2d4851a1d" />
    <TestEntry testId="b1147efd-0298-8ebc-44b6-b417bf4de2f7" executionId="bb14ee62-dc69-4ac6-9817-cfc86a412ca8" testListId="8c84fa94-04c1-424b-9868-57a2d4851a1d" />
    <TestEntry testId="5e010c25-260f-a513-6449-e4b97fbbab70" executionId="fe049067-0519-40fa-a0e6-516aa20ee414" testListId="8c84fa94-04c1-424b-9868-57a2d4851a1d" />
    <TestEntry testId="43151f17-866e-0b59-1f24-c2a3f5fa4ea6" executionId="4ceb5ea8-8980-415b-9f13-78aac3b7202d" testListId="8c84fa94-04c1-424b-9868-57a2d4851a1d" />
    <TestEntry testId="18609f1e-f4de-ae56-b8a7-7c2e270c4588" executionId="83dc79ef-184f-45c7-8fd3-e0c7fcd13046" testListId="8c84fa94-04c1-424b-9868-57a2d4851a1d" />
    <TestEntry testId="3de119fe-51a3-abfc-916d-03972983c9fb" executionId="453e443e-0c1a-40a2-9103-d9d94c548f80" testListId="8c84fa94-04c1-424b-9868-57a2d4851a1d" />
    <TestEntry testId="d085b10e-fa32-1dd6-bbb0-58877bd425ef" executionId="31640688-a847-4520-ac3c-39a4f39590d8" testListId="8c84fa94-04c1-424b-9868-57a2d4851a1d" />
    <TestEntry testId="f4dc449b-7baf-62f2-9947-62953c79497f" executionId="474ac833-ce32-479e-a74b-34fcc6471685" testListId="8c84fa94-04c1-424b-9868-57a2d4851a1d" />
    <TestEntry testId="e0567d73-cbc4-83f9-9b3b-8331a2b98f3e" executionId="56e48351-02a3-41af-a25c-4d5839d9dca0" testListId="8c84fa94-04c1-424b-9868-57a2d4851a1d" />
    <TestEntry testId="930e3005-8e5e-a245-5cbf-e7692092636d" executionId="13b723e3-18a1-42a3-8ee2-b39822e073c3" testListId="8c84fa94-04c1-424b-9868-57a2d4851a1d" />
    <TestEntry testId="eff4c33d-86f5-8b63-46b7-5e2775a1ebac" executionId="c680b83b-4bea-4978-bfd9-00984309d4f6" testListId="8c84fa94-04c1-424b-9868-57a2d4851a1d" />
    <TestEntry testId="e3aeaf2b-a065-5adf-f293-df9b990f2b5f" executionId="7e0c6753-bf06-4065-a404-9addcf0fca4a" testListId="8c84fa94-04c1-424b-9868-57a2d4851a1d" />
    <TestEntry testId="f458f208-5ba5-9ac2-147b-a1fdd12c9d58" executionId="737778ae-22d5-4216-abbb-0a250fd1637f" testListId="8c84fa94-04c1-424b-9868-57a2d4851a1d" />
    <TestEntry testId="2fd98476-450c-ffad-6579-25dd0af716a4" executionId="e108d2a7-c646-4c4c-af52-548edbdc19ca" testListId="8c84fa94-04c1-424b-9868-57a2d4851a1d" />
    <TestEntry testId="64cac5a7-a442-28e0-afd0-7479489d5c1f" executionId="2ef7197c-962a-4047-a1b8-93d5f1a77adc" testListId="8c84fa94-04c1-424b-9868-57a2d4851a1d" />
    <TestEntry testId="dec39bd3-2eaf-d334-673d-021cda5d7636" executionId="433d572f-9075-4674-ada9-6474921d68df" testListId="8c84fa94-04c1-424b-9868-57a2d4851a1d" />
    <TestEntry testId="32fd84eb-6709-e81d-c874-1d6422ea3325" executionId="23a5390d-e705-4dce-87b2-78def8c7d3b1" testListId="8c84fa94-04c1-424b-9868-57a2d4851a1d" />
    <TestEntry testId="d5810187-d146-1238-8a2f-27d4a344be72" executionId="47c5599a-2dce-4ab7-b431-ab820cbd7529" testListId="8c84fa94-04c1-424b-9868-57a2d4851a1d" />
    <TestEntry testId="77192334-e8fe-d1c6-08cb-7a85fc0ad181" executionId="0b2f5691-7eae-4f24-8020-30bbbc5e13d2" testListId="8c84fa94-04c1-424b-9868-57a2d4851a1d" />
    <TestEntry testId="f8a5b3fa-7055-e61a-81b9-d24b81f17446" executionId="66826d9d-3758-4694-a871-2fe72c31229e" testListId="8c84fa94-04c1-424b-9868-57a2d4851a1d" />
    <TestEntry testId="4d38eb89-b00b-ee90-7039-a58a93c97721" executionId="7ffd27b7-f8b7-4453-8ca2-30b445ec8014" testListId="8c84fa94-04c1-424b-9868-57a2d4851a1d" />
    <TestEntry testId="ac9a04d5-bf16-1c84-8639-0d865b6ecaa3" executionId="1da26dab-71ee-4b86-854e-1be7970e45e2" testListId="8c84fa94-04c1-424b-9868-57a2d4851a1d" />
    <TestEntry testId="227c77a4-1b88-bee9-95c7-9f0f6fa22378" executionId="96e05907-f499-4f56-a16c-d57945d7e23a" testListId="8c84fa94-04c1-424b-9868-57a2d4851a1d" />
    <TestEntry testId="ce9704fd-b55c-95b6-bde3-dbf06a20b2f4" executionId="a96d2f6f-6c83-49b0-84ce-cc4fff89e935" testListId="8c84fa94-04c1-424b-9868-57a2d4851a1d" />
    <TestEntry testId="3c60d6c5-575f-9089-cede-614b41d53292" executionId="44b706fc-2422-483d-b807-ee43cf92a1b9" testListId="8c84fa94-04c1-424b-9868-57a2d4851a1d" />
    <TestEntry testId="0494e2d1-2b8b-f24d-b76d-071930ec5e5a" executionId="5630310a-32db-4db3-bbcb-cfb7e1db3226" testListId="8c84fa94-04c1-424b-9868-57a2d4851a1d" />
    <TestEntry testId="581e844b-a6eb-572a-da46-c5f8bfe70703" executionId="678d046d-e5c1-46b4-9a4b-6ed67d833d12" testListId="8c84fa94-04c1-424b-9868-57a2d4851a1d" />
    <TestEntry testId="6478a4d4-808a-c03e-2565-3c82aa52c818" executionId="e3bb5939-0274-429a-a52a-474ade7ec201" testListId="8c84fa94-04c1-424b-9868-57a2d4851a1d" />
    <TestEntry testId="474c1d1c-eeb7-f66e-bcc3-0b7379eca27e" executionId="aaaca388-6d85-4856-933d-9c2d45ad5547" testListId="8c84fa94-04c1-424b-9868-57a2d4851a1d" />
    <TestEntry testId="8d0a15e4-34cf-1c45-1e66-69ea01101400" executionId="71884601-57e6-44de-b1a4-0447fee52896" testListId="8c84fa94-04c1-424b-9868-57a2d4851a1d" />
    <TestEntry testId="922f85fd-4b03-9210-a1fa-1e1a78c3418b" executionId="7e624f8d-37cf-42c2-b443-e50dc1894ca6" testListId="8c84fa94-04c1-424b-9868-57a2d4851a1d" />
    <TestEntry testId="6d764c1a-670d-9a22-0687-d6d881e30ab0" executionId="fead805d-c1ac-4553-8be2-8e799351529f" testListId="8c84fa94-04c1-424b-9868-57a2d4851a1d" />
    <TestEntry testId="defa1ba1-c4ae-19aa-4c16-63f2003a0b39" executionId="6290b26c-22c9-4efa-823c-0c91601f9a9c" testListId="8c84fa94-04c1-424b-9868-57a2d4851a1d" />
    <TestEntry testId="979fd177-715e-4027-4ffb-6fe9b2962f02" executionId="ac2bb230-8895-4db9-9461-5dc177b66548" testListId="8c84fa94-04c1-424b-9868-57a2d4851a1d" />
    <TestEntry testId="b86a3c64-d596-4cb0-ce2a-080ae8e19a1a" executionId="417b6077-222f-4e6e-95a1-94d107d92683" testListId="8c84fa94-04c1-424b-9868-57a2d4851a1d" />
    <TestEntry testId="0965335f-eff2-79fc-2d32-e8cda20ef4cb" executionId="bd421dc6-086b-412b-a47a-6ed42867ca71" testListId="8c84fa94-04c1-424b-9868-57a2d4851a1d" />
    <TestEntry testId="2ed59465-6d0b-1c9c-c2f9-eee179eb297f" executionId="a26227c5-f7bd-466d-a54f-68f97595cfe5" testListId="8c84fa94-04c1-424b-9868-57a2d4851a1d" />
    <TestEntry testId="a11ac4fa-28c2-8036-4653-d427d800e1ec" executionId="9dcfa9b9-b5b1-42fd-beb0-85e2177dd485" testListId="8c84fa94-04c1-424b-9868-57a2d4851a1d" />
    <TestEntry testId="fd8f2a44-19c8-e850-1f73-4f4536bd32f4" executionId="a0848a5e-ce93-428a-ad8f-fcad0ca67be9" testListId="8c84fa94-04c1-424b-9868-57a2d4851a1d" />
  </TestEntries>
  <TestLists>
    <TestList name="列表中未列出的结果" id="8c84fa94-04c1-424b-9868-57a2d4851a1d" />
    <TestList name="所有已加载的结果" id="19431567-8539-422a-85d7-44ee4e166bda" />
  </TestLists>
  <ResultSummary outcome="Completed">
    <Counters total="145" executed="145" passed="145" failed="0" error="0" timeout="0" aborted="0" inconclusive="0" passedButRunAborted="0" notRunnable="0" notExecuted="0" disconnected="0" warning="0" completed="0" inProgress="0" pending="0" />
    <Output>
      <StdOut>[xUnit.net 00:00:00.00] xUnit.net VSTest Adapter v2.8.2+699d445a1a (64-bit .NET 8.0.27)&#xD;
[xUnit.net 00:00:00.08]   Discovering: UsageMonitor.Core.Tests&#xD;
[xUnit.net 00:00:00.14]   Discovered:  UsageMonitor.Core.Tests&#xD;
[xUnit.net 00:00:00.14]   Starting:    UsageMonitor.Core.Tests&#xD;
[xUnit.net 00:00:01.30]   Finished:    UsageMonitor.Core.Tests&#xD;
</StdOut>
    </Output>
  </ResultSummary>
</TestRun>